Source Files
../../../Binaries/DimmerSwitch_OM15082/obj/app_main.o ../../../Common_Switch/Source/app_main.c
../../../Binaries/DimmerSwitch_OM15082/obj/port_JN518x.o ../../../../../SDKPackages/K32W061DK6/middleware/wireless/zigbee/ZigbeeCommon/Source/port_JN518x.c
../../../Binaries/DimmerSwitch_OM15082/obj/pdum_gen.o ../../../DimmerSwitch/Source/pdum_gen.c
../../../Binaries/DimmerSwitch_OM15082/obj/pdum_apdu.o ../../../DimmerSwitch/Source/pdum_apdu.S
../../../Binaries/DimmerSwitch_OM15082/obj/zps_gen.o ../../../DimmerSwitch/Source/zps_gen.c
../../../Binaries/DimmerSwitch_OM15082/obj/app_pdm.o ../../../Common/Source/app_pdm.c
../../../Binaries/DimmerSwitch_OM15082/obj/app_start_switch.o ../../../Common_Switch/Source/app_start_switch.c
../../../Binaries/DimmerSwitch_OM15082/obj/App_DimmerSwitch.o ../../../DimmerSwitch/Source/App_DimmerSwitch.c
../../../Binaries/DimmerSwitch_OM15082/obj/app_zlo_switch_node.o ../../../Common_Switch/Source/app_zlo_switch_node.c
../../../Binaries/DimmerSwitch_OM15082/obj/app_zcl_switch_task.o ../../../Common_Switch/Source/app_zcl_switch_task.c
../../../Binaries/DimmerSwitch_OM15082/obj/app_buttons.o ../../../Common/Source/app_buttons.c
../../../Binaries/DimmerSwitch_OM15082/obj/app_switch_state_machine.o ../../../Common_Switch/Source/app_switch_state_machine.c
../../../Binaries/DimmerSwitch_OM15082/obj/fsl_debug_console.o ../../../../../SDKPackages/K32W061DK6/devices/K32W061/utilities/debug_console/fsl_debug_console.c
../../../Binaries/DimmerSwitch_OM15082/obj/fsl_gpio.o ../../../../../SDKPackages/K32W061DK6/devices/K32W061/drivers/fsl_gpio.c
../../../Binaries/DimmerSwitch_OM15082/obj/hardware_init.o ../../../Common/Source/board/hardware_init.c
../../../Binaries/DimmerSwitch_OM15082/obj/pin_mux.o ../../../Common/Source/board/pin_mux.c
../../../Binaries/DimmerSwitch_OM15082/obj/fsl_gint.o ../../../../../SDKPackages/K32W061DK6/devices/K32W061/drivers/fsl_gint.c
../../../Binaries/DimmerSwitch_OM15082/obj/temp_sensor_drv.o ../../../Common/Source/board/temp_sensor_drv.c
../../../Binaries/DimmerSwitch_OM15082/obj/fsl_adc.o ../../../../../SDKPackages/K32W061DK6/devices/K32W061/drivers/fsl_adc.c
../../../Binaries/DimmerSwitch_OM15082/obj/board_utility.o ../../../Common/Source/board/board_utility.c
../../../Binaries/DimmerSwitch_OM15082/obj/ZQueue.o ../../../../../SDKPackages/K32W061DK6/middleware/wireless/zigbee/ZigbeeCommon/Source/ZQueue.c
../../../Binaries/DimmerSwitch_OM15082/obj/ZTimer.o ../../../../../SDKPackages/K32W061DK6/middleware/wireless/zigbee/ZigbeeCommon/Source/ZTimer.c
../../../Binaries/DimmerSwitch_OM15082/obj/app_zps_link_keys.o ../../../../../SDKPackages/K32W061DK6/middleware/wireless/zigbee/ZigbeeCommon/Source/app_zps_link_keys.c
../../../Binaries/DimmerSwitch_OM15082/obj/fsl_os_abstraction_bm.o ../../../../../SDKPackages/K32W061DK6/middleware/wireless/framework/OSAbstraction/Source/fsl_os_abstraction_bm.c
../../../Binaries/DimmerSwitch_OM15082/obj/appZdpExtraction.o ../../../../../SDKPackages/K32W061DK6/middleware/wireless/zigbee/ZigbeeCommon/Source/appZdpExtraction.c
../../../Binaries/DimmerSwitch_OM15082/obj/appZpsBeaconHandler.o ../../../../../SDKPackages/K32W061DK6/middleware/wireless/zigbee/ZigbeeCommon/Source/appZpsBeaconHandler.c
../../../Binaries/DimmerSwitch_OM15082/obj/appZpsExtendedDebug.o ../../../../../SDKPackages/K32W061DK6/middleware/wireless/zigbee/ZigbeeCommon/Source/appZpsExtendedDebug.c
../../../Binaries/DimmerSwitch_OM15082/obj/board.o ../../../Common/Source/board/board.c
../../../Binaries/DimmerSwitch_OM15082/obj/clock_config.o ../../../Common/Source/board/clock_config.c
../../../Binaries/DimmerSwitch_OM15082/obj/system_K32W061.o ../../../../../SDKPackages/K32W061DK6/devices/K32W061/system_K32W061.c
../../../Binaries/DimmerSwitch_OM15082/obj/startup_K32W061.o ../../../../../SDKPackages/K32W061DK6/devices/K32W061/gcc/startup_K32W061.c
../../../Binaries/DimmerSwitch_OM15082/obj/fsl_wwdt.o ../../../../../SDKPackages/K32W061DK6/devices/K32W061/drivers/fsl_wwdt.c
../../../Binaries/DimmerSwitch_OM15082/obj/fsl_clock.o ../../../../../SDKPackages/K32W061DK6/devices/K32W061/drivers/fsl_clock.c
../../../Binaries/DimmerSwitch_OM15082/obj/fsl_reset.o ../../../../../SDKPackages/K32W061DK6/devices/K32W061/drivers/fsl_reset.c
../../../Binaries/DimmerSwitch_OM15082/obj/fsl_rng.o ../../../../../SDKPackages/K32W061DK6/devices/K32W061/drivers/fsl_rng.c
../../../Binaries/DimmerSwitch_OM15082/obj/fsl_usart.o ../../../../../SDKPackages/K32W061DK6/devices/K32W061/drivers/fsl_usart.c
../../../Binaries/DimmerSwitch_OM15082/obj/fsl_flexcomm.o ../../../../../SDKPackages/K32W061DK6/devices/K32W061/drivers/fsl_flexcomm.c
../../../Binaries/DimmerSwitch_OM15082/obj/fsl_flash.o ../../../../../SDKPackages/K32W061DK6/devices/K32W061/drivers/fsl_flash.c
../../../Binaries/DimmerSwitch_OM15082/obj/fsl_common.o ../../../../../SDKPackages/K32W061DK6/devices/K32W061/drivers/fsl_common.c
../../../Binaries/DimmerSwitch_OM15082/obj/fsl_aes.o ../../../../../SDKPackages/K32W061DK6/devices/K32W061/drivers/fsl_aes.c
../../../Binaries/DimmerSwitch_OM15082/obj/fsl_power.o ../../../../../SDKPackages/K32W061DK6/devices/K32W061/drivers/fsl_power.c
../../../Binaries/DimmerSwitch_OM15082/obj/fsl_wtimer.o ../../../../../SDKPackages/K32W061DK6/devices/K32W061/drivers/fsl_wtimer.c
../../../Binaries/DimmerSwitch_OM15082/obj/fsl_inputmux.o ../../../../../SDKPackages/K32W061DK6/devices/K32W061/drivers/fsl_inputmux.c
../../../Binaries/DimmerSwitch_OM15082/obj/fsl_fmeas.o ../../../../../SDKPackages/K32W061DK6/devices/K32W061/drivers/fsl_fmeas.c
../../../Binaries/DimmerSwitch_OM15082/obj/Exceptions_NVIC.o ../../../../../SDKPackages/K32W061DK6/middleware/wireless/framework/DebugExceptionHandlers_jn518x/src/Exceptions_NVIC.c
../../../Binaries/DimmerSwitch_OM15082/obj/MicroExceptions_arm.o ../../../../../SDKPackages/K32W061DK6/middleware/wireless/framework/DebugExceptionHandlers_jn518x/src/MicroExceptions_arm.c
../../../Binaries/DimmerSwitch_OM15082/obj/Debug.o ../../../../../SDKPackages/K32W061DK6/middleware/wireless/framework/DebugFifo/Source/Debug.c
../../../Binaries/DimmerSwitch_OM15082/obj/FunctionLib.o ../../../../../SDKPackages/K32W061DK6/middleware/wireless/framework/FunctionLib/FunctionLib.c
../../../Binaries/DimmerSwitch_OM15082/obj/SecLib.o ../../../../../SDKPackages/K32W061DK6/middleware/wireless/framework/SecLib/SecLib.c
../../../Binaries/DimmerSwitch_OM15082/obj/RNG.o ../../../../../SDKPackages/K32W061DK6/middleware/wireless/framework/RNG/Source/RNG.c
../../../Binaries/DimmerSwitch_OM15082/obj/GenericList.o ../../../../../SDKPackages/K32W061DK6/middleware/wireless/framework/Lists/GenericList.c
../../../Binaries/DimmerSwitch_OM15082/obj/Messaging.o ../../../../../SDKPackages/K32W061DK6/middleware/wireless/framework/Messaging/Source/Messaging.c
../../../Binaries/DimmerSwitch_OM15082/obj/MemManager.o ../../../../../SDKPackages/K32W061DK6/middleware/wireless/framework/MemManager/Source/MemManager.c
../../../Binaries/DimmerSwitch_OM15082/obj/TimersManager.o ../../../../../SDKPackages/K32W061DK6/middleware/wireless/framework/TimersManager/Source/TimersManager.c
../../../Binaries/DimmerSwitch_OM15082/obj/TMR_Adapter.o ../../../../../SDKPackages/K32W061DK6/middleware/wireless/framework/TimersManager/Source/TMR_Adapter.c
../../../Binaries/DimmerSwitch_OM15082/obj/fsl_ctimer.o ../../../../../SDKPackages/K32W061DK6/devices/K32W061/drivers/fsl_ctimer.c
../../../Binaries/DimmerSwitch_OM15082/obj/fsl_rtc.o ../../../../../SDKPackages/K32W061DK6/devices/K32W061/drivers/fsl_rtc.c
../../../Binaries/DimmerSwitch_OM15082/obj/Panic.o ../../../../../SDKPackages/K32W061DK6/middleware/wireless/framework/Panic/Source/Panic.c
../../../Binaries/DimmerSwitch_OM15082/obj/fsl_dma.o ../../../../../SDKPackages/K32W061DK6/devices/K32W061/drivers/fsl_dma.c
../../../Binaries/DimmerSwitch_OM15082/obj/MicroInt_arm_sdk2.o ../../../../../SDKPackages/K32W061DK6/middleware/wireless/framework/Common/MicroInt_arm_sdk2.c
../../../Binaries/DimmerSwitch_OM15082/obj/PWR.o ../../../../../SDKPackages/K32W061DK6/middleware/wireless/framework/LowPower/Source/k32w061dk6/PWR.c
../../../Binaries/DimmerSwitch_OM15082/obj/PWR_setjmp.o ../../../../../SDKPackages/K32W061DK6/middleware/wireless/framework/LowPower/Source/k32w061dk6/PWR_setjmp.S
../../../Binaries/DimmerSwitch_OM15082/obj/PWRLib.o ../../../../../SDKPackages/K32W061DK6/middleware/wireless/framework/LowPower/Source/k32w061dk6/PWRLib.c
../../../Binaries/DimmerSwitch_OM15082/obj/GPIO_Adapter.o ../../../../../SDKPackages/K32W061DK6/middleware/wireless/framework/GPIO/GPIO_Adapter.c
../../../Binaries/DimmerSwitch_OM15082/obj/fsl_str.o ../../../../../SDKPackages/K32W061DK6/devices/K32W061/utilities/str/fsl_str.c
../../../Binaries/DimmerSwitch_OM15082/obj/serial_manager.o ../../../../../SDKPackages/K32W061DK6/components/serial_manager/serial_manager.c
../../../Binaries/DimmerSwitch_OM15082/obj/serial_port_uart.o ../../../../../SDKPackages/K32W061DK6/components/serial_manager/serial_port_uart.c
../../../Binaries/DimmerSwitch_OM15082/obj/usart_adapter.o ../../../../../SDKPackages/K32W061DK6/components/uart/usart_adapter.c
../../../Binaries/DimmerSwitch_OM15082/obj/fsl_assert.o ../../../../../SDKPackages/K32W061DK6/devices/K32W061/utilities/fsl_assert.c
../../../Binaries/DimmerSwitch_OM15082/obj/Heap.o ../../../../../SDKPackages/K32W061DK6/middleware/wireless/framework/Common/Heap.c
../../../Binaries/DimmerSwitch_OM15082/obj/Alarms.o ../../../../../SDKPackages/K32W061DK6/middleware/wireless/zigbee/ZCL/Clusters/General/Source/Alarms.c
../../../Binaries/DimmerSwitch_OM15082/obj/AlarmsClientCommands.o ../../../../../SDKPackages/K32W061DK6/middleware/wireless/zigbee/ZCL/Clusters/General/Source/AlarmsClientCommands.c
../../../Binaries/DimmerSwitch_OM15082/obj/AlarmsCommandHandler.o ../../../../../SDKPackages/K32W061DK6/middleware/wireless/zigbee/ZCL/Clusters/General/Source/AlarmsCommandHandler.c
../../../Binaries/DimmerSwitch_OM15082/obj/AlarmsServerCommands.o ../../../../../SDKPackages/K32W061DK6/middleware/wireless/zigbee/ZCL/Clusters/General/Source/AlarmsServerCommands.c
../../../Binaries/DimmerSwitch_OM15082/obj/AlarmsTableManager.o ../../../../../SDKPackages/K32W061DK6/middleware/wireless/zigbee/ZCL/Clusters/General/Source/AlarmsTableManager.c
../../../Binaries/DimmerSwitch_OM15082/obj/AnalogInputBasic.o ../../../../../SDKPackages/K32W061DK6/middleware/wireless/zigbee/ZCL/Clusters/General/Source/AnalogInputBasic.c
../../../Binaries/DimmerSwitch_OM15082/obj/AnalogOutputBasic.o ../../../../../SDKPackages/K32W061DK6/middleware/wireless/zigbee/ZCL/Clusters/General/Source/AnalogOutputBasic.c
../../../Binaries/DimmerSwitch_OM15082/obj/Basic.o ../../../../../SDKPackages/K32W061DK6/middleware/wireless/zigbee/ZCL/Clusters/General/Source/Basic.c
../../../Binaries/DimmerSwitch_OM15082/obj/BasicClientCommands.o ../../../../../SDKPackages/K32W061DK6/middleware/wireless/zigbee/ZCL/Clusters/General/Source/BasicClientCommands.c
../../../Binaries/DimmerSwitch_OM15082/obj/BasicCommandHandler.o ../../../../../SDKPackages/K32W061DK6/middleware/wireless/zigbee/ZCL/Clusters/General/Source/BasicCommandHandler.c
../../../Binaries/DimmerSwitch_OM15082/obj/BinaryInputBasic.o ../../../../../SDKPackages/K32W061DK6/middleware/wireless/zigbee/ZCL/Clusters/General/Source/BinaryInputBasic.c
../../../Binaries/DimmerSwitch_OM15082/obj/BinaryOutputBasic.o ../../../../../SDKPackages/K32W061DK6/middleware/wireless/zigbee/ZCL/Clusters/General/Source/BinaryOutputBasic.c
../../../Binaries/DimmerSwitch_OM15082/obj/DeviceTemperatureConfiguration.o ../../../../../SDKPackages/K32W061DK6/middleware/wireless/zigbee/ZCL/Clusters/General/Source/DeviceTemperatureConfiguration.c
../../../Binaries/DimmerSwitch_OM15082/obj/Diagnostics.o ../../../../../SDKPackages/K32W061DK6/middleware/wireless/zigbee/ZCL/Clusters/General/Source/Diagnostics.c
../../../Binaries/DimmerSwitch_OM15082/obj/Groups.o ../../../../../SDKPackages/K32W061DK6/middleware/wireless/zigbee/ZCL/Clusters/General/Source/Groups.c
../../../Binaries/DimmerSwitch_OM15082/obj/GroupsClientCommands.o ../../../../../SDKPackages/K32W061DK6/middleware/wireless/zigbee/ZCL/Clusters/General/Source/GroupsClientCommands.c
../../../Binaries/DimmerSwitch_OM15082/obj/GroupsCommandHandler.o ../../../../../SDKPackages/K32W061DK6/middleware/wireless/zigbee/ZCL/Clusters/General/Source/GroupsCommandHandler.c
../../../Binaries/DimmerSwitch_OM15082/obj/GroupsServerCommands.o ../../../../../SDKPackages/K32W061DK6/middleware/wireless/zigbee/ZCL/Clusters/General/Source/GroupsServerCommands.c
../../../Binaries/DimmerSwitch_OM15082/obj/GroupsTableManager.o ../../../../../SDKPackages/K32W061DK6/middleware/wireless/zigbee/ZCL/Clusters/General/Source/GroupsTableManager.c
../../../Binaries/DimmerSwitch_OM15082/obj/Identify.o ../../../../../SDKPackages/K32W061DK6/middleware/wireless/zigbee/ZCL/Clusters/General/Source/Identify.c
../../../Binaries/DimmerSwitch_OM15082/obj/IdentifyClientCommands.o ../../../../../SDKPackages/K32W061DK6/middleware/wireless/zigbee/ZCL/Clusters/General/Source/IdentifyClientCommands.c
../../../Binaries/DimmerSwitch_OM15082/obj/IdentifyCommandHandler.o ../../../../../SDKPackages/K32W061DK6/middleware/wireless/zigbee/ZCL/Clusters/General/Source/IdentifyCommandHandler.c
../../../Binaries/DimmerSwitch_OM15082/obj/IdentifyServerCommands.o ../../../../../SDKPackages/K32W061DK6/middleware/wireless/zigbee/ZCL/Clusters/General/Source/IdentifyServerCommands.c
../../../Binaries/DimmerSwitch_OM15082/obj/LevelControl.o ../../../../../SDKPackages/K32W061DK6/middleware/wireless/zigbee/ZCL/Clusters/General/Source/LevelControl.c
../../../Binaries/DimmerSwitch_OM15082/obj/LevelControlClientCommands.o ../../../../../SDKPackages/K32W061DK6/middleware/wireless/zigbee/ZCL/Clusters/General/Source/LevelControlClientCommands.c
../../../Binaries/DimmerSwitch_OM15082/obj/LevelControlCommandHandler.o ../../../../../SDKPackages/K32W061DK6/middleware/wireless/zigbee/ZCL/Clusters/General/Source/LevelControlCommandHandler.c
../../../Binaries/DimmerSwitch_OM15082/obj/MultistateInputBasic.o ../../../../../SDKPackages/K32W061DK6/middleware/wireless/zigbee/ZCL/Clusters/General/Source/MultistateInputBasic.c
../../../Binaries/DimmerSwitch_OM15082/obj/MultistateOutputBasic.o ../../../../../SDKPackages/K32W061DK6/middleware/wireless/zigbee/ZCL/Clusters/General/Source/MultistateOutputBasic.c
../../../Binaries/DimmerSwitch_OM15082/obj/OOSC.o ../../../../../SDKPackages/K32W061DK6/middleware/wireless/zigbee/ZCL/Clusters/General/Source/OOSC.c
../../../Binaries/DimmerSwitch_OM15082/obj/OnOff.o ../../../../../SDKPackages/K32W061DK6/middleware/wireless/zigbee/ZCL/Clusters/General/Source/OnOff.c
../../../Binaries/DimmerSwitch_OM15082/obj/OnOffCommandHandler.o ../../../../../SDKPackages/K32W061DK6/middleware/wireless/zigbee/ZCL/Clusters/General/Source/OnOffCommandHandler.c
../../../Binaries/DimmerSwitch_OM15082/obj/OnOffCommands.o ../../../../../SDKPackages/K32W061DK6/middleware/wireless/zigbee/ZCL/Clusters/General/Source/OnOffCommands.c
../../../Binaries/DimmerSwitch_OM15082/obj/PollControl.o ../../../../../SDKPackages/K32W061DK6/middleware/wireless/zigbee/ZCL/Clusters/General/Source/PollControl.c
../../../Binaries/DimmerSwitch_OM15082/obj/PollControlClientCommands.o ../../../../../SDKPackages/K32W061DK6/middleware/wireless/zigbee/ZCL/Clusters/General/Source/PollControlClientCommands.c
../../../Binaries/DimmerSwitch_OM15082/obj/PollControlCommandHandler.o ../../../../../SDKPackages/K32W061DK6/middleware/wireless/zigbee/ZCL/Clusters/General/Source/PollControlCommandHandler.c
../../../Binaries/DimmerSwitch_OM15082/obj/PollControlServerCommands.o ../../../../../SDKPackages/K32W061DK6/middleware/wireless/zigbee/ZCL/Clusters/General/Source/PollControlServerCommands.c
../../../Binaries/DimmerSwitch_OM15082/obj/PowerConfiguration.o ../../../../../SDKPackages/K32W061DK6/middleware/wireless/zigbee/ZCL/Clusters/General/Source/PowerConfiguration.c
../../../Binaries/DimmerSwitch_OM15082/obj/PowerProfile.o ../../../../../SDKPackages/K32W061DK6/middleware/wireless/zigbee/ZCL/Clusters/General/Source/PowerProfile.c
../../../Binaries/DimmerSwitch_OM15082/obj/PowerProfileClientCommands.o ../../../../../SDKPackages/K32W061DK6/middleware/wireless/zigbee/ZCL/Clusters/General/Source/PowerProfileClientCommands.c
../../../Binaries/DimmerSwitch_OM15082/obj/PowerProfileCommandHandler.o ../../../../../SDKPackages/K32W061DK6/middleware/wireless/zigbee/ZCL/Clusters/General/Source/PowerProfileCommandHandler.c
../../../Binaries/DimmerSwitch_OM15082/obj/PowerProfileServerCommands.o ../../../../../SDKPackages/K32W061DK6/middleware/wireless/zigbee/ZCL/Clusters/General/Source/PowerProfileServerCommands.c
../../../Binaries/DimmerSwitch_OM15082/obj/Scenes.o ../../../../../SDKPackages/K32W061DK6/middleware/wireless/zigbee/ZCL/Clusters/General/Source/Scenes.c
../../../Binaries/DimmerSwitch_OM15082/obj/ScenesClientCommands.o ../../../../../SDKPackages/K32W061DK6/middleware/wireless/zigbee/ZCL/Clusters/General/Source/ScenesClientCommands.c
../../../Binaries/DimmerSwitch_OM15082/obj/ScenesClusterManagement.o ../../../../../SDKPackages/K32W061DK6/middleware/wireless/zigbee/ZCL/Clusters/General/Source/ScenesClusterManagement.c
../../../Binaries/DimmerSwitch_OM15082/obj/ScenesCommandHandler.o ../../../../../SDKPackages/K32W061DK6/middleware/wireless/zigbee/ZCL/Clusters/General/Source/ScenesCommandHandler.c
../../../Binaries/DimmerSwitch_OM15082/obj/ScenesServerCommands.o ../../../../../SDKPackages/K32W061DK6/middleware/wireless/zigbee/ZCL/Clusters/General/Source/ScenesServerCommands.c
../../../Binaries/DimmerSwitch_OM15082/obj/ScenesTableManager.o ../../../../../SDKPackages/K32W061DK6/middleware/wireless/zigbee/ZCL/Clusters/General/Source/ScenesTableManager.c
../../../Binaries/DimmerSwitch_OM15082/obj/TC.o ../../../../../SDKPackages/K32W061DK6/middleware/wireless/zigbee/ZCL/Clusters/General/Source/TC.c
../../../Binaries/DimmerSwitch_OM15082/obj/Time.o ../../../../../SDKPackages/K32W061DK6/middleware/wireless/zigbee/ZCL/Clusters/General/Source/Time.c
../../../Binaries/DimmerSwitch_OM15082/obj/WWAH.o ../../../../../SDKPackages/K32W061DK6/middleware/wireless/zigbee/ZCL/Clusters/General/Source/WWAH.c
../../../Binaries/DimmerSwitch_OM15082/obj/WWAHClientCommands.o ../../../../../SDKPackages/K32W061DK6/middleware/wireless/zigbee/ZCL/Clusters/General/Source/WWAHClientCommands.c
../../../Binaries/DimmerSwitch_OM15082/obj/WWAHCommandHandler.o ../../../../../SDKPackages/K32W061DK6/middleware/wireless/zigbee/ZCL/Clusters/General/Source/WWAHCommandHandler.c
../../../Binaries/DimmerSwitch_OM15082/obj/WWAHServerCommands.o ../../../../../SDKPackages/K32W061DK6/middleware/wireless/zigbee/ZCL/Clusters/General/Source/WWAHServerCommands.c
../../../Binaries/DimmerSwitch_OM15082/obj/base_device.o ../../../../../SDKPackages/K32W061DK6/middleware/wireless/zigbee/ZCL/Devices/ZHA/Generic/Source/base_device.c
../../../Binaries/DimmerSwitch_OM15082/obj/mains_power_outlet.o ../../../../../SDKPackages/K32W061DK6/middleware/wireless/zigbee/ZCL/Devices/ZHA/Generic/Source/mains_power_outlet.c
../../../Binaries/DimmerSwitch_OM15082/obj/on_off_output.o ../../../../../SDKPackages/K32W061DK6/middleware/wireless/zigbee/ZCL/Devices/ZHA/Generic/Source/on_off_output.c
../../../Binaries/DimmerSwitch_OM15082/obj/plug_control.o ../../../../../SDKPackages/K32W061DK6/middleware/wireless/zigbee/ZCL/Devices/ZHA/Generic/Source/plug_control.c
../../../Binaries/DimmerSwitch_OM15082/obj/remote_control.o ../../../../../SDKPackages/K32W061DK6/middleware/wireless/zigbee/ZCL/Devices/ZHA/Generic/Source/remote_control.c
../../../Binaries/DimmerSwitch_OM15082/obj/simple_sensor.o ../../../../../SDKPackages/K32W061DK6/middleware/wireless/zigbee/ZCL/Devices/ZHA/Generic/Source/simple_sensor.c
../../../Binaries/DimmerSwitch_OM15082/obj/BallastConfiguration.o ../../../../../SDKPackages/K32W061DK6/middleware/wireless/zigbee/ZCL/Clusters/Lighting/Source/BallastConfiguration.c
../../../Binaries/DimmerSwitch_OM15082/obj/ColourControl.o ../../../../../SDKPackages/K32W061DK6/middleware/wireless/zigbee/ZCL/Clusters/Lighting/Source/ColourControl.c
../../../Binaries/DimmerSwitch_OM15082/obj/ColourControlClientCommands.o ../../../../../SDKPackages/K32W061DK6/middleware/wireless/zigbee/ZCL/Clusters/Lighting/Source/ColourControlClientCommands.c
../../../Binaries/DimmerSwitch_OM15082/obj/ColourControlCommandHandler.o ../../../../../SDKPackages/K32W061DK6/middleware/wireless/zigbee/ZCL/Clusters/Lighting/Source/ColourControlCommandHandler.c
../../../Binaries/DimmerSwitch_OM15082/obj/ColourControlConversions.o ../../../../../SDKPackages/K32W061DK6/middleware/wireless/zigbee/ZCL/Clusters/Lighting/Source/ColourControlConversions.c
../../../Binaries/DimmerSwitch_OM15082/obj/colour_controller.o ../../../../../SDKPackages/K32W061DK6/middleware/wireless/zigbee/ZCL/Devices/ZLO/Source/colour_controller.c
../../../Binaries/DimmerSwitch_OM15082/obj/colour_dimmable_light.o ../../../../../SDKPackages/K32W061DK6/middleware/wireless/zigbee/ZCL/Devices/ZLO/Source/colour_dimmable_light.c
../../../Binaries/DimmerSwitch_OM15082/obj/colour_dimmer_switch.o ../../../../../SDKPackages/K32W061DK6/middleware/wireless/zigbee/ZCL/Devices/ZLO/Source/colour_dimmer_switch.c
../../../Binaries/DimmerSwitch_OM15082/obj/colour_scene_controller.o ../../../../../SDKPackages/K32W061DK6/middleware/wireless/zigbee/ZCL/Devices/ZLO/Source/colour_scene_controller.c
../../../Binaries/DimmerSwitch_OM15082/obj/colour_temperature_light.o ../../../../../SDKPackages/K32W061DK6/middleware/wireless/zigbee/ZCL/Devices/ZLO/Source/colour_temperature_light.c
../../../Binaries/DimmerSwitch_OM15082/obj/commission_endpoint.o ../../../../../SDKPackages/K32W061DK6/middleware/wireless/zigbee/ZCL/Devices/ZLO/Source/commission_endpoint.c
../../../Binaries/DimmerSwitch_OM15082/obj/control_bridge.o ../../../../../SDKPackages/K32W061DK6/middleware/wireless/zigbee/ZCL/Devices/ZLO/Source/control_bridge.c
../../../Binaries/DimmerSwitch_OM15082/obj/dimmable_ballast.o ../../../../../SDKPackages/K32W061DK6/middleware/wireless/zigbee/ZCL/Devices/ZLO/Source/dimmable_ballast.c
../../../Binaries/DimmerSwitch_OM15082/obj/dimmable_light.o ../../../../../SDKPackages/K32W061DK6/middleware/wireless/zigbee/ZCL/Devices/ZLO/Source/dimmable_light.c
../../../Binaries/DimmerSwitch_OM15082/obj/dimmable_plug.o ../../../../../SDKPackages/K32W061DK6/middleware/wireless/zigbee/ZCL/Devices/ZLO/Source/dimmable_plug.c
../../../Binaries/DimmerSwitch_OM15082/obj/dimmer_switch.o ../../../../../SDKPackages/K32W061DK6/middleware/wireless/zigbee/ZCL/Devices/ZLO/Source/dimmer_switch.c
../../../Binaries/DimmerSwitch_OM15082/obj/extended_colour_light.o ../../../../../SDKPackages/K32W061DK6/middleware/wireless/zigbee/ZCL/Devices/ZLO/Source/extended_colour_light.c
../../../Binaries/DimmerSwitch_OM15082/obj/light_level_sensor.o ../../../../../SDKPackages/K32W061DK6/middleware/wireless/zigbee/ZCL/Devices/ZLO/Source/light_level_sensor.c
../../../Binaries/DimmerSwitch_OM15082/obj/light_sensor.o ../../../../../SDKPackages/K32W061DK6/middleware/wireless/zigbee/ZCL/Devices/ZLO/Source/light_sensor.c
../../../Binaries/DimmerSwitch_OM15082/obj/non_colour_controller.o ../../../../../SDKPackages/K32W061DK6/middleware/wireless/zigbee/ZCL/Devices/ZLO/Source/non_colour_controller.c
../../../Binaries/DimmerSwitch_OM15082/obj/non_colour_scene_controller.o ../../../../../SDKPackages/K32W061DK6/middleware/wireless/zigbee/ZCL/Devices/ZLO/Source/non_colour_scene_controller.c
../../../Binaries/DimmerSwitch_OM15082/obj/occupancy_sensor.o ../../../../../SDKPackages/K32W061DK6/middleware/wireless/zigbee/ZCL/Devices/ZLO/Source/occupancy_sensor.c
../../../Binaries/DimmerSwitch_OM15082/obj/on_off_ballast.o ../../../../../SDKPackages/K32W061DK6/middleware/wireless/zigbee/ZCL/Devices/ZLO/Source/on_off_ballast.c
../../../Binaries/DimmerSwitch_OM15082/obj/on_off_light.o ../../../../../SDKPackages/K32W061DK6/middleware/wireless/zigbee/ZCL/Devices/ZLO/Source/on_off_light.c
../../../Binaries/DimmerSwitch_OM15082/obj/on_off_light_switch.o ../../../../../SDKPackages/K32W061DK6/middleware/wireless/zigbee/ZCL/Devices/ZLO/Source/on_off_light_switch.c
../../../Binaries/DimmerSwitch_OM15082/obj/on_off_plug.o ../../../../../SDKPackages/K32W061DK6/middleware/wireless/zigbee/ZCL/Devices/ZLO/Source/on_off_plug.c
../../../Binaries/DimmerSwitch_OM15082/obj/on_off_sensor.o ../../../../../SDKPackages/K32W061DK6/middleware/wireless/zigbee/ZCL/Devices/ZLO/Source/on_off_sensor.c
../../../Binaries/DimmerSwitch_OM15082/obj/dlist.o ../../../../../SDKPackages/K32W061DK6/middleware/wireless/zigbee/ZCIF/Source/dlist.c
../../../Binaries/DimmerSwitch_OM15082/obj/zcl.o ../../../../../SDKPackages/K32W061DK6/middleware/wireless/zigbee/ZCIF/Source/zcl.c
../../../Binaries/DimmerSwitch_OM15082/obj/zcl_CustomCommandReceive.o ../../../../../SDKPackages/K32W061DK6/middleware/wireless/zigbee/ZCIF/Source/zcl_CustomCommandReceive.c
../../../Binaries/DimmerSwitch_OM15082/obj/zcl_CustomCommandSend.o ../../../../../SDKPackages/K32W061DK6/middleware/wireless/zigbee/ZCIF/Source/zcl_CustomCommandSend.c
../../../Binaries/DimmerSwitch_OM15082/obj/zcl_PDUbufferReadWrite.o ../../../../../SDKPackages/K32W061DK6/middleware/wireless/zigbee/ZCIF/Source/zcl_PDUbufferReadWrite.c
../../../Binaries/DimmerSwitch_OM15082/obj/zcl_PDUbufferReadWriteString.o ../../../../../SDKPackages/K32W061DK6/middleware/wireless/zigbee/ZCIF/Source/zcl_PDUbufferReadWriteString.c
../../../Binaries/DimmerSwitch_OM15082/obj/zcl_WriteAttributesRequestHandle.o ../../../../../SDKPackages/K32W061DK6/middleware/wireless/zigbee/ZCIF/Source/zcl_WriteAttributesRequestHandle.c
../../../Binaries/DimmerSwitch_OM15082/obj/zcl_WriteAttributesRequestSend.o ../../../../../SDKPackages/K32W061DK6/middleware/wireless/zigbee/ZCIF/Source/zcl_WriteAttributesRequestSend.c
../../../Binaries/DimmerSwitch_OM15082/obj/zcl_WriteAttributesResponseHandle.o ../../../../../SDKPackages/K32W061DK6/middleware/wireless/zigbee/ZCIF/Source/zcl_WriteAttributesResponseHandle.c
../../../Binaries/DimmerSwitch_OM15082/obj/zcl_attribute.o ../../../../../SDKPackages/K32W061DK6/middleware/wireless/zigbee/ZCIF/Source/zcl_attribute.c
../../../Binaries/DimmerSwitch_OM15082/obj/zcl_buffer.o ../../../../../SDKPackages/K32W061DK6/middleware/wireless/zigbee/ZCIF/Source/zcl_buffer.c
../../../Binaries/DimmerSwitch_OM15082/obj/zcl_clusterCommand.o ../../../../../SDKPackages/K32W061DK6/middleware/wireless/zigbee/ZCIF/Source/zcl_clusterCommand.c
../../../Binaries/DimmerSwitch_OM15082/obj/zcl_command.o ../../../../../SDKPackages/K32W061DK6/middleware/wireless/zigbee/ZCIF/Source/zcl_command.c
../../../Binaries/DimmerSwitch_OM15082/obj/zcl_common.o ../../../../../SDKPackages/K32W061DK6/middleware/wireless/zigbee/ZCIF/Source/zcl_common.c
../../../Binaries/DimmerSwitch_OM15082/obj/zcl_configureReportingCommandHandle.o ../../../../../SDKPackages/K32W061DK6/middleware/wireless/zigbee/ZCIF/Source/zcl_configureReportingCommandHandle.c
../../../Binaries/DimmerSwitch_OM15082/obj/zcl_configureReportingCommandSend.o ../../../../../SDKPackages/K32W061DK6/middleware/wireless/zigbee/ZCIF/Source/zcl_configureReportingCommandSend.c
../../../Binaries/DimmerSwitch_OM15082/obj/zcl_configureReportingResponseHandle.o ../../../../../SDKPackages/K32W061DK6/middleware/wireless/zigbee/ZCIF/Source/zcl_configureReportingResponseHandle.c
../../../Binaries/DimmerSwitch_OM15082/obj/zcl_defaultResponse.o ../../../../../SDKPackages/K32W061DK6/middleware/wireless/zigbee/ZCIF/Source/zcl_defaultResponse.c
../../../Binaries/DimmerSwitch_OM15082/obj/zcl_discoverAttributesExtendedRequestHandle.o ../../../../../SDKPackages/K32W061DK6/middleware/wireless/zigbee/ZCIF/Source/zcl_discoverAttributesExtendedRequestHandle.c
../../../Binaries/DimmerSwitch_OM15082/obj/zcl_discoverAttributesExtendedRequestSend.o ../../../../../SDKPackages/K32W061DK6/middleware/wireless/zigbee/ZCIF/Source/zcl_discoverAttributesExtendedRequestSend.c
../../../Binaries/DimmerSwitch_OM15082/obj/zcl_discoverAttributesExtendedResponseHandle.o ../../../../../SDKPackages/K32W061DK6/middleware/wireless/zigbee/ZCIF/Source/zcl_discoverAttributesExtendedResponseHandle.c
../../../Binaries/DimmerSwitch_OM15082/obj/zcl_discoverAttributesRequestHandle.o ../../../../../SDKPackages/K32W061DK6/middleware/wireless/zigbee/ZCIF/Source/zcl_discoverAttributesRequestHandle.c
../../../Binaries/DimmerSwitch_OM15082/obj/zcl_discoverAttributesRequestSend.o ../../../../../SDKPackages/K32W061DK6/middleware/wireless/zigbee/ZCIF/Source/zcl_discoverAttributesRequestSend.c
../../../Binaries/DimmerSwitch_OM15082/obj/zcl_discoverAttributesResponseHandle.o ../../../../../SDKPackages/K32W061DK6/middleware/wireless/zigbee/ZCIF/Source/zcl_discoverAttributesResponseHandle.c
../../../Binaries/DimmerSwitch_OM15082/obj/zcl_discoverCommandsRequestHandle.o ../../../../../SDKPackages/K32W061DK6/middleware/wireless/zigbee/ZCIF/Source/zcl_discoverCommandsRequestHandle.c
../../../Binaries/DimmerSwitch_OM15082/obj/zcl_discoverCommandsRequestSend.o ../../../../../SDKPackages/K32W061DK6/middleware/wireless/zigbee/ZCIF/Source/zcl_discoverCommandsRequestSend.c
../../../Binaries/DimmerSwitch_OM15082/obj/zcl_discoverCommandsResponseHandle.o ../../../../../SDKPackages/K32W061DK6/middleware/wireless/zigbee/ZCIF/Source/zcl_discoverCommandsResponseHandle.c
../../../Binaries/DimmerSwitch_OM15082/obj/zcl_event.o ../../../../../SDKPackages/K32W061DK6/middleware/wireless/zigbee/ZCIF/Source/zcl_event.c
../../../Binaries/DimmerSwitch_OM15082/obj/zcl_heap.o ../../../../../SDKPackages/K32W061DK6/middleware/wireless/zigbee/ZCIF/Source/zcl_heap.c
../../../Binaries/DimmerSwitch_OM15082/obj/zcl_library_options.o ../../../../../SDKPackages/K32W061DK6/middleware/wireless/zigbee/ZCIF/Source/zcl_library_options.c
../../../Binaries/DimmerSwitch_OM15082/obj/zcl_readAttributesRequestHandle.o ../../../../../SDKPackages/K32W061DK6/middleware/wireless/zigbee/ZCIF/Source/zcl_readAttributesRequestHandle.c
../../../Binaries/DimmerSwitch_OM15082/obj/zcl_readAttributesRequestSend.o ../../../../../SDKPackages/K32W061DK6/middleware/wireless/zigbee/ZCIF/Source/zcl_readAttributesRequestSend.c
../../../Binaries/DimmerSwitch_OM15082/obj/zcl_readAttributesResponseHandle.o ../../../../../SDKPackages/K32W061DK6/middleware/wireless/zigbee/ZCIF/Source/zcl_readAttributesResponseHandle.c
../../../Binaries/DimmerSwitch_OM15082/obj/zcl_readReportingConfigurationCommandHandle.o ../../../../../SDKPackages/K32W061DK6/middleware/wireless/zigbee/ZCIF/Source/zcl_readReportingConfigurationCommandHandle.c
../../../Binaries/DimmerSwitch_OM15082/obj/zcl_readReportingConfigurationCommandSend.o ../../../../../SDKPackages/K32W061DK6/middleware/wireless/zigbee/ZCIF/Source/zcl_readReportingConfigurationCommandSend.c
../../../Binaries/DimmerSwitch_OM15082/obj/zcl_readReportingConfigurationResponseHandle.o ../../../../../SDKPackages/K32W061DK6/middleware/wireless/zigbee/ZCIF/Source/zcl_readReportingConfigurationResponseHandle.c
../../../Binaries/DimmerSwitch_OM15082/obj/zcl_reportManager.o ../../../../../SDKPackages/K32W061DK6/middleware/wireless/zigbee/ZCIF/Source/zcl_reportManager.c
../../../Binaries/DimmerSwitch_OM15082/obj/zcl_reportMaths.o ../../../../../SDKPackages/K32W061DK6/middleware/wireless/zigbee/ZCIF/Source/zcl_reportMaths.c
../../../Binaries/DimmerSwitch_OM15082/obj/zcl_reportScheduler.o ../../../../../SDKPackages/K32W061DK6/middleware/wireless/zigbee/ZCIF/Source/zcl_reportScheduler.c
../../../Binaries/DimmerSwitch_OM15082/obj/zcl_reportStringHandling.o ../../../../../SDKPackages/K32W061DK6/middleware/wireless/zigbee/ZCIF/Source/zcl_reportStringHandling.c
../../../Binaries/DimmerSwitch_OM15082/obj/zcl_reportStructure.o ../../../../../SDKPackages/K32W061DK6/middleware/wireless/zigbee/ZCIF/Source/zcl_reportStructure.c
../../../Binaries/DimmerSwitch_OM15082/obj/zcl_search.o ../../../../../SDKPackages/K32W061DK6/middleware/wireless/zigbee/ZCIF/Source/zcl_search.c
../../../Binaries/DimmerSwitch_OM15082/obj/zcl_timer.o ../../../../../SDKPackages/K32W061DK6/middleware/wireless/zigbee/ZCIF/Source/zcl_timer.c
../../../Binaries/DimmerSwitch_OM15082/obj/zcl_transmit.o ../../../../../SDKPackages/K32W061DK6/middleware/wireless/zigbee/ZCIF/Source/zcl_transmit.c
../../../Binaries/DimmerSwitch_OM15082/obj/bdb_fr.o ../../../../../SDKPackages/K32W061DK6/middleware/wireless/zigbee/BDB/Source/Common/bdb_fr.c
../../../Binaries/DimmerSwitch_OM15082/obj/bdb_start.o ../../../../../SDKPackages/K32W061DK6/middleware/wireless/zigbee/BDB/Source/Common/bdb_start.c
../../../Binaries/DimmerSwitch_OM15082/obj/bdb_state_machine.o ../../../../../SDKPackages/K32W061DK6/middleware/wireless/zigbee/BDB/Source/Common/bdb_state_machine.c
../../../Binaries/DimmerSwitch_OM15082/obj/bdb_ns.o ../../../../../SDKPackages/K32W061DK6/middleware/wireless/zigbee/BDB/Source/NwkSteering/bdb_ns.c
../../../Binaries/DimmerSwitch_OM15082/obj/bdb_fb_common.o ../../../../../SDKPackages/K32W061DK6/middleware/wireless/zigbee/BDB/Source/FindAndBind/bdb_fb_common.c
../../../Binaries/DimmerSwitch_OM15082/obj/bdb_fb_initiator.o ../../../../../SDKPackages/K32W061DK6/middleware/wireless/zigbee/BDB/Source/FindAndBind/bdb_fb_initiator.c
