Source Files
../../../Binaries/ColorSceneController_NtagIcode_Ota_RamOpt_OM15082/obj/app_main.o ../../../Common_Controller/Source/app_main.c
../../../Binaries/ColorSceneController_NtagIcode_Ota_RamOpt_OM15082/obj/port_JN518x.o ../../../../../SDKPackages/K32W061DK6/middleware/wireless/zigbee/ZigbeeCommon/Source/port_JN518x.c
../../../Binaries/ColorSceneController_NtagIcode_Ota_RamOpt_OM15082/obj/pdum_gen.o ../../../ColorSceneController/Source/pdum_gen.c
../../../Binaries/ColorSceneController_NtagIcode_Ota_RamOpt_OM15082/obj/pdum_apdu.o ../../../ColorSceneController/Source/pdum_apdu.S
../../../Binaries/ColorSceneController_NtagIcode_Ota_RamOpt_OM15082/obj/zps_gen.o ../../../ColorSceneController/Source/zps_gen.c
../../../Binaries/ColorSceneController_NtagIcode_Ota_RamOpt_OM15082/obj/app_led_control.o ../../../Common_Controller/Source/app_led_control.c
../../../Binaries/ColorSceneController_NtagIcode_Ota_RamOpt_OM15082/obj/app_start_controller.o ../../../Common_Controller/Source/app_start_controller.c
../../../Binaries/ColorSceneController_NtagIcode_Ota_RamOpt_OM15082/obj/App_ColorSceneController.o ../../../ColorSceneController/Source/App_ColorSceneController.c
../../../Binaries/ColorSceneController_NtagIcode_Ota_RamOpt_OM15082/obj/zlo_controller_node.o ../../../Common_Controller/Source/zlo_controller_node.c
../../../Binaries/ColorSceneController_NtagIcode_Ota_RamOpt_OM15082/obj/app_zcl_controller_task.o ../../../Common_Controller/Source/app_zcl_controller_task.c
../../../Binaries/ColorSceneController_NtagIcode_Ota_RamOpt_OM15082/obj/app_on_off_commands.o ../../../Common_Controller/Source/app_on_off_commands.c
../../../Binaries/ColorSceneController_NtagIcode_Ota_RamOpt_OM15082/obj/app_level_commands.o ../../../Common_Controller/Source/app_level_commands.c
../../../Binaries/ColorSceneController_NtagIcode_Ota_RamOpt_OM15082/obj/app_colour_commands.o ../../../Common_Controller/Source/app_colour_commands.c
../../../Binaries/ColorSceneController_NtagIcode_Ota_RamOpt_OM15082/obj/app_scenes_commands.o ../../../Common_Controller/Source/app_scenes_commands.c
../../../Binaries/ColorSceneController_NtagIcode_Ota_RamOpt_OM15082/obj/app_group_commands.o ../../../Common_Controller/Source/app_group_commands.c
../../../Binaries/ColorSceneController_NtagIcode_Ota_RamOpt_OM15082/obj/app_identify_commands.o ../../../Common_Controller/Source/app_identify_commands.c
../../../Binaries/ColorSceneController_NtagIcode_Ota_RamOpt_OM15082/obj/app_general_commands.o ../../../Common_Controller/Source/app_general_commands.c
../../../Binaries/ColorSceneController_NtagIcode_Ota_RamOpt_OM15082/obj/fsl_debug_console.o ../../../../../SDKPackages/K32W061DK6/devices/K32W061/utilities/debug_console/fsl_debug_console.c
../../../Binaries/ColorSceneController_NtagIcode_Ota_RamOpt_OM15082/obj/fsl_gpio.o ../../../../../SDKPackages/K32W061DK6/devices/K32W061/drivers/fsl_gpio.c
../../../Binaries/ColorSceneController_NtagIcode_Ota_RamOpt_OM15082/obj/hardware_init.o ../../../Common/Source/board/hardware_init.c
../../../Binaries/ColorSceneController_NtagIcode_Ota_RamOpt_OM15082/obj/pin_mux.o ../../../Common/Source/board/pin_mux.c
../../../Binaries/ColorSceneController_NtagIcode_Ota_RamOpt_OM15082/obj/temp_sensor_drv.o ../../../Common/Source/board/temp_sensor_drv.c
../../../Binaries/ColorSceneController_NtagIcode_Ota_RamOpt_OM15082/obj/fsl_adc.o ../../../../../SDKPackages/K32W061DK6/devices/K32W061/drivers/fsl_adc.c
../../../Binaries/ColorSceneController_NtagIcode_Ota_RamOpt_OM15082/obj/board_utility.o ../../../Common/Source/board/board_utility.c
../../../Binaries/ColorSceneController_NtagIcode_Ota_RamOpt_OM15082/obj/app_uart.o ../../../Common_Controller/Source/app_uart.c
../../../Binaries/ColorSceneController_NtagIcode_Ota_RamOpt_OM15082/obj/app_serial_interface.o ../../../Common_Controller/Source/app_serial_interface.c
../../../Binaries/ColorSceneController_NtagIcode_Ota_RamOpt_OM15082/obj/app_buttons.o ../../../Common/Source/app_buttons.c
../../../Binaries/ColorSceneController_NtagIcode_Ota_RamOpt_OM15082/obj/app_menu_handler_OM15082.o ../../../Common_Controller/Source/app_menu_handler_OM15082.c
../../../Binaries/ColorSceneController_NtagIcode_Ota_RamOpt_OM15082/obj/fsl_gint.o ../../../../../SDKPackages/K32W061DK6/devices/K32W061/drivers/fsl_gint.c
../../../Binaries/ColorSceneController_NtagIcode_Ota_RamOpt_OM15082/obj/app_ota_client.o ../../../Common/Source/app_ota_client.c
../../../Binaries/ColorSceneController_NtagIcode_Ota_RamOpt_OM15082/obj/app_ntag_icode.o ../../../Common/Source/app_ntag_icode.c
../../../Binaries/ColorSceneController_NtagIcode_Ota_RamOpt_OM15082/obj/fsl_i2c.o ../../../../../SDKPackages/K32W061DK6/devices/K32W061/drivers/fsl_i2c.c
../../../Binaries/ColorSceneController_NtagIcode_Ota_RamOpt_OM15082/obj/fsl_ntag.o ../../../../../SDKPackages/K32W061DK6/devices/K32W061/drivers/fsl_ntag.c
../../../Binaries/ColorSceneController_NtagIcode_Ota_RamOpt_OM15082/obj/ZQueue.o ../../../../../SDKPackages/K32W061DK6/middleware/wireless/zigbee/ZigbeeCommon/Source/ZQueue.c
../../../Binaries/ColorSceneController_NtagIcode_Ota_RamOpt_OM15082/obj/ZTimer.o ../../../../../SDKPackages/K32W061DK6/middleware/wireless/zigbee/ZigbeeCommon/Source/ZTimer.c
../../../Binaries/ColorSceneController_NtagIcode_Ota_RamOpt_OM15082/obj/app_zps_link_keys.o ../../../../../SDKPackages/K32W061DK6/middleware/wireless/zigbee/ZigbeeCommon/Source/app_zps_link_keys.c
../../../Binaries/ColorSceneController_NtagIcode_Ota_RamOpt_OM15082/obj/fsl_os_abstraction_bm.o ../../../../../SDKPackages/K32W061DK6/middleware/wireless/framework/OSAbstraction/Source/fsl_os_abstraction_bm.c
../../../Binaries/ColorSceneController_NtagIcode_Ota_RamOpt_OM15082/obj/appZdpExtraction.o ../../../../../SDKPackages/K32W061DK6/middleware/wireless/zigbee/ZigbeeCommon/Source/appZdpExtraction.c
../../../Binaries/ColorSceneController_NtagIcode_Ota_RamOpt_OM15082/obj/appZpsBeaconHandler.o ../../../../../SDKPackages/K32W061DK6/middleware/wireless/zigbee/ZigbeeCommon/Source/appZpsBeaconHandler.c
../../../Binaries/ColorSceneController_NtagIcode_Ota_RamOpt_OM15082/obj/appZpsExtendedDebug.o ../../../../../SDKPackages/K32W061DK6/middleware/wireless/zigbee/ZigbeeCommon/Source/appZpsExtendedDebug.c
../../../Binaries/ColorSceneController_NtagIcode_Ota_RamOpt_OM15082/obj/board.o ../../../Common/Source/board/board.c
../../../Binaries/ColorSceneController_NtagIcode_Ota_RamOpt_OM15082/obj/clock_config.o ../../../Common/Source/board/clock_config.c
../../../Binaries/ColorSceneController_NtagIcode_Ota_RamOpt_OM15082/obj/system_K32W061.o ../../../../../SDKPackages/K32W061DK6/devices/K32W061/system_K32W061.c
../../../Binaries/ColorSceneController_NtagIcode_Ota_RamOpt_OM15082/obj/startup_K32W061.o ../../../../../SDKPackages/K32W061DK6/devices/K32W061/gcc/startup_K32W061.c
../../../Binaries/ColorSceneController_NtagIcode_Ota_RamOpt_OM15082/obj/fsl_wwdt.o ../../../../../SDKPackages/K32W061DK6/devices/K32W061/drivers/fsl_wwdt.c
../../../Binaries/ColorSceneController_NtagIcode_Ota_RamOpt_OM15082/obj/fsl_clock.o ../../../../../SDKPackages/K32W061DK6/devices/K32W061/drivers/fsl_clock.c
../../../Binaries/ColorSceneController_NtagIcode_Ota_RamOpt_OM15082/obj/fsl_reset.o ../../../../../SDKPackages/K32W061DK6/devices/K32W061/drivers/fsl_reset.c
../../../Binaries/ColorSceneController_NtagIcode_Ota_RamOpt_OM15082/obj/fsl_rng.o ../../../../../SDKPackages/K32W061DK6/devices/K32W061/drivers/fsl_rng.c
../../../Binaries/ColorSceneController_NtagIcode_Ota_RamOpt_OM15082/obj/fsl_usart.o ../../../../../SDKPackages/K32W061DK6/devices/K32W061/drivers/fsl_usart.c
../../../Binaries/ColorSceneController_NtagIcode_Ota_RamOpt_OM15082/obj/fsl_flexcomm.o ../../../../../SDKPackages/K32W061DK6/devices/K32W061/drivers/fsl_flexcomm.c
../../../Binaries/ColorSceneController_NtagIcode_Ota_RamOpt_OM15082/obj/fsl_flash.o ../../../../../SDKPackages/K32W061DK6/devices/K32W061/drivers/fsl_flash.c
../../../Binaries/ColorSceneController_NtagIcode_Ota_RamOpt_OM15082/obj/fsl_common.o ../../../../../SDKPackages/K32W061DK6/devices/K32W061/drivers/fsl_common.c
../../../Binaries/ColorSceneController_NtagIcode_Ota_RamOpt_OM15082/obj/fsl_aes.o ../../../../../SDKPackages/K32W061DK6/devices/K32W061/drivers/fsl_aes.c
../../../Binaries/ColorSceneController_NtagIcode_Ota_RamOpt_OM15082/obj/fsl_power.o ../../../../../SDKPackages/K32W061DK6/devices/K32W061/drivers/fsl_power.c
../../../Binaries/ColorSceneController_NtagIcode_Ota_RamOpt_OM15082/obj/fsl_wtimer.o ../../../../../SDKPackages/K32W061DK6/devices/K32W061/drivers/fsl_wtimer.c
../../../Binaries/ColorSceneController_NtagIcode_Ota_RamOpt_OM15082/obj/fsl_inputmux.o ../../../../../SDKPackages/K32W061DK6/devices/K32W061/drivers/fsl_inputmux.c
../../../Binaries/ColorSceneController_NtagIcode_Ota_RamOpt_OM15082/obj/fsl_fmeas.o ../../../../../SDKPackages/K32W061DK6/devices/K32W061/drivers/fsl_fmeas.c
../../../Binaries/ColorSceneController_NtagIcode_Ota_RamOpt_OM15082/obj/Exceptions_NVIC.o ../../../../../SDKPackages/K32W061DK6/middleware/wireless/framework/DebugExceptionHandlers_jn518x/src/Exceptions_NVIC.c
../../../Binaries/ColorSceneController_NtagIcode_Ota_RamOpt_OM15082/obj/MicroExceptions_arm.o ../../../../../SDKPackages/K32W061DK6/middleware/wireless/framework/DebugExceptionHandlers_jn518x/src/MicroExceptions_arm.c
../../../Binaries/ColorSceneController_NtagIcode_Ota_RamOpt_OM15082/obj/Debug.o ../../../../../SDKPackages/K32W061DK6/middleware/wireless/framework/DebugFifo/Source/Debug.c
../../../Binaries/ColorSceneController_NtagIcode_Ota_RamOpt_OM15082/obj/OtaSupport.o ../../../../../SDKPackages/K32W061DK6/middleware/wireless/framework/OtaSupport/Source/OtaSupport.c
../../../Binaries/ColorSceneController_NtagIcode_Ota_RamOpt_OM15082/obj/psector_api.o ../../../../../SDKPackages/K32W061DK6/devices/K32W061/drivers/psector_api.c
../../../Binaries/ColorSceneController_NtagIcode_Ota_RamOpt_OM15082/obj/FunctionLib.o ../../../../../SDKPackages/K32W061DK6/middleware/wireless/framework/FunctionLib/FunctionLib.c
../../../Binaries/ColorSceneController_NtagIcode_Ota_RamOpt_OM15082/obj/SecLib.o ../../../../../SDKPackages/K32W061DK6/middleware/wireless/framework/SecLib/SecLib.c
../../../Binaries/ColorSceneController_NtagIcode_Ota_RamOpt_OM15082/obj/RNG.o ../../../../../SDKPackages/K32W061DK6/middleware/wireless/framework/RNG/Source/RNG.c
../../../Binaries/ColorSceneController_NtagIcode_Ota_RamOpt_OM15082/obj/GenericList.o ../../../../../SDKPackages/K32W061DK6/middleware/wireless/framework/Lists/GenericList.c
../../../Binaries/ColorSceneController_NtagIcode_Ota_RamOpt_OM15082/obj/Messaging.o ../../../../../SDKPackages/K32W061DK6/middleware/wireless/framework/Messaging/Source/Messaging.c
../../../Binaries/ColorSceneController_NtagIcode_Ota_RamOpt_OM15082/obj/MemManager.o ../../../../../SDKPackages/K32W061DK6/middleware/wireless/framework/MemManager/Source/MemManager.c
../../../Binaries/ColorSceneController_NtagIcode_Ota_RamOpt_OM15082/obj/TimersManager.o ../../../../../SDKPackages/K32W061DK6/middleware/wireless/framework/TimersManager/Source/TimersManager.c
../../../Binaries/ColorSceneController_NtagIcode_Ota_RamOpt_OM15082/obj/TMR_Adapter.o ../../../../../SDKPackages/K32W061DK6/middleware/wireless/framework/TimersManager/Source/TMR_Adapter.c
../../../Binaries/ColorSceneController_NtagIcode_Ota_RamOpt_OM15082/obj/fsl_ctimer.o ../../../../../SDKPackages/K32W061DK6/devices/K32W061/drivers/fsl_ctimer.c
../../../Binaries/ColorSceneController_NtagIcode_Ota_RamOpt_OM15082/obj/fsl_rtc.o ../../../../../SDKPackages/K32W061DK6/devices/K32W061/drivers/fsl_rtc.c
../../../Binaries/ColorSceneController_NtagIcode_Ota_RamOpt_OM15082/obj/Panic.o ../../../../../SDKPackages/K32W061DK6/middleware/wireless/framework/Panic/Source/Panic.c
../../../Binaries/ColorSceneController_NtagIcode_Ota_RamOpt_OM15082/obj/fsl_dma.o ../../../../../SDKPackages/K32W061DK6/devices/K32W061/drivers/fsl_dma.c
../../../Binaries/ColorSceneController_NtagIcode_Ota_RamOpt_OM15082/obj/MicroInt_arm_sdk2.o ../../../../../SDKPackages/K32W061DK6/middleware/wireless/framework/Common/MicroInt_arm_sdk2.c
../../../Binaries/ColorSceneController_NtagIcode_Ota_RamOpt_OM15082/obj/PWR.o ../../../../../SDKPackages/K32W061DK6/middleware/wireless/framework/LowPower/Source/k32w061dk6/PWR.c
../../../Binaries/ColorSceneController_NtagIcode_Ota_RamOpt_OM15082/obj/PWR_setjmp.o ../../../../../SDKPackages/K32W061DK6/middleware/wireless/framework/LowPower/Source/k32w061dk6/PWR_setjmp.S
../../../Binaries/ColorSceneController_NtagIcode_Ota_RamOpt_OM15082/obj/PWRLib.o ../../../../../SDKPackages/K32W061DK6/middleware/wireless/framework/LowPower/Source/k32w061dk6/PWRLib.c
../../../Binaries/ColorSceneController_NtagIcode_Ota_RamOpt_OM15082/obj/GPIO_Adapter.o ../../../../../SDKPackages/K32W061DK6/middleware/wireless/framework/GPIO/GPIO_Adapter.c
../../../Binaries/ColorSceneController_NtagIcode_Ota_RamOpt_OM15082/obj/fsl_str.o ../../../../../SDKPackages/K32W061DK6/devices/K32W061/utilities/str/fsl_str.c
../../../Binaries/ColorSceneController_NtagIcode_Ota_RamOpt_OM15082/obj/serial_manager.o ../../../../../SDKPackages/K32W061DK6/components/serial_manager/serial_manager.c
../../../Binaries/ColorSceneController_NtagIcode_Ota_RamOpt_OM15082/obj/serial_port_uart.o ../../../../../SDKPackages/K32W061DK6/components/serial_manager/serial_port_uart.c
../../../Binaries/ColorSceneController_NtagIcode_Ota_RamOpt_OM15082/obj/usart_adapter.o ../../../../../SDKPackages/K32W061DK6/components/uart/usart_adapter.c
../../../Binaries/ColorSceneController_NtagIcode_Ota_RamOpt_OM15082/obj/fsl_assert.o ../../../../../SDKPackages/K32W061DK6/devices/K32W061/utilities/fsl_assert.c
../../../Binaries/ColorSceneController_NtagIcode_Ota_RamOpt_OM15082/obj/Heap.o ../../../../../SDKPackages/K32W061DK6/middleware/wireless/framework/Common/Heap.c
../../../Binaries/ColorSceneController_NtagIcode_Ota_RamOpt_OM15082/obj/Eeprom_InternalFlash.o ../../../../../SDKPackages/K32W061DK6/middleware/wireless/framework/Flash/External/Source/Eeprom_InternalFlash.c
../../../Binaries/ColorSceneController_NtagIcode_Ota_RamOpt_OM15082/obj/ZCLobj_Alarms.o ../../../../../SDKPackages/K32W061DK6/middleware/wireless/zigbee/ZCL/Clusters/General/Source/Alarms.c
../../../Binaries/ColorSceneController_NtagIcode_Ota_RamOpt_OM15082/obj/ZCLobj_AlarmsClientCommands.o ../../../../../SDKPackages/K32W061DK6/middleware/wireless/zigbee/ZCL/Clusters/General/Source/AlarmsClientCommands.c
../../../Binaries/ColorSceneController_NtagIcode_Ota_RamOpt_OM15082/obj/ZCLobj_AlarmsCommandHandler.o ../../../../../SDKPackages/K32W061DK6/middleware/wireless/zigbee/ZCL/Clusters/General/Source/AlarmsCommandHandler.c
../../../Binaries/ColorSceneController_NtagIcode_Ota_RamOpt_OM15082/obj/ZCLobj_AlarmsServerCommands.o ../../../../../SDKPackages/K32W061DK6/middleware/wireless/zigbee/ZCL/Clusters/General/Source/AlarmsServerCommands.c
../../../Binaries/ColorSceneController_NtagIcode_Ota_RamOpt_OM15082/obj/ZCLobj_AlarmsTableManager.o ../../../../../SDKPackages/K32W061DK6/middleware/wireless/zigbee/ZCL/Clusters/General/Source/AlarmsTableManager.c
../../../Binaries/ColorSceneController_NtagIcode_Ota_RamOpt_OM15082/obj/ZCLobj_AnalogInputBasic.o ../../../../../SDKPackages/K32W061DK6/middleware/wireless/zigbee/ZCL/Clusters/General/Source/AnalogInputBasic.c
../../../Binaries/ColorSceneController_NtagIcode_Ota_RamOpt_OM15082/obj/ZCLobj_AnalogOutputBasic.o ../../../../../SDKPackages/K32W061DK6/middleware/wireless/zigbee/ZCL/Clusters/General/Source/AnalogOutputBasic.c
../../../Binaries/ColorSceneController_NtagIcode_Ota_RamOpt_OM15082/obj/ZCLobj_Basic.o ../../../../../SDKPackages/K32W061DK6/middleware/wireless/zigbee/ZCL/Clusters/General/Source/Basic.c
../../../Binaries/ColorSceneController_NtagIcode_Ota_RamOpt_OM15082/obj/ZCLobj_BasicClientCommands.o ../../../../../SDKPackages/K32W061DK6/middleware/wireless/zigbee/ZCL/Clusters/General/Source/BasicClientCommands.c
../../../Binaries/ColorSceneController_NtagIcode_Ota_RamOpt_OM15082/obj/ZCLobj_BasicCommandHandler.o ../../../../../SDKPackages/K32W061DK6/middleware/wireless/zigbee/ZCL/Clusters/General/Source/BasicCommandHandler.c
../../../Binaries/ColorSceneController_NtagIcode_Ota_RamOpt_OM15082/obj/ZCLobj_BinaryInputBasic.o ../../../../../SDKPackages/K32W061DK6/middleware/wireless/zigbee/ZCL/Clusters/General/Source/BinaryInputBasic.c
../../../Binaries/ColorSceneController_NtagIcode_Ota_RamOpt_OM15082/obj/ZCLobj_BinaryOutputBasic.o ../../../../../SDKPackages/K32W061DK6/middleware/wireless/zigbee/ZCL/Clusters/General/Source/BinaryOutputBasic.c
../../../Binaries/ColorSceneController_NtagIcode_Ota_RamOpt_OM15082/obj/ZCLobj_DeviceTemperatureConfiguration.o ../../../../../SDKPackages/K32W061DK6/middleware/wireless/zigbee/ZCL/Clusters/General/Source/DeviceTemperatureConfiguration.c
../../../Binaries/ColorSceneController_NtagIcode_Ota_RamOpt_OM15082/obj/ZCLobj_Diagnostics.o ../../../../../SDKPackages/K32W061DK6/middleware/wireless/zigbee/ZCL/Clusters/General/Source/Diagnostics.c
../../../Binaries/ColorSceneController_NtagIcode_Ota_RamOpt_OM15082/obj/ZCLobj_Groups.o ../../../../../SDKPackages/K32W061DK6/middleware/wireless/zigbee/ZCL/Clusters/General/Source/Groups.c
../../../Binaries/ColorSceneController_NtagIcode_Ota_RamOpt_OM15082/obj/ZCLobj_GroupsClientCommands.o ../../../../../SDKPackages/K32W061DK6/middleware/wireless/zigbee/ZCL/Clusters/General/Source/GroupsClientCommands.c
../../../Binaries/ColorSceneController_NtagIcode_Ota_RamOpt_OM15082/obj/ZCLobj_GroupsCommandHandler.o ../../../../../SDKPackages/K32W061DK6/middleware/wireless/zigbee/ZCL/Clusters/General/Source/GroupsCommandHandler.c
../../../Binaries/ColorSceneController_NtagIcode_Ota_RamOpt_OM15082/obj/ZCLobj_GroupsServerCommands.o ../../../../../SDKPackages/K32W061DK6/middleware/wireless/zigbee/ZCL/Clusters/General/Source/GroupsServerCommands.c
../../../Binaries/ColorSceneController_NtagIcode_Ota_RamOpt_OM15082/obj/ZCLobj_GroupsTableManager.o ../../../../../SDKPackages/K32W061DK6/middleware/wireless/zigbee/ZCL/Clusters/General/Source/GroupsTableManager.c
../../../Binaries/ColorSceneController_NtagIcode_Ota_RamOpt_OM15082/obj/ZCLobj_Identify.o ../../../../../SDKPackages/K32W061DK6/middleware/wireless/zigbee/ZCL/Clusters/General/Source/Identify.c
../../../Binaries/ColorSceneController_NtagIcode_Ota_RamOpt_OM15082/obj/ZCLobj_IdentifyClientCommands.o ../../../../../SDKPackages/K32W061DK6/middleware/wireless/zigbee/ZCL/Clusters/General/Source/IdentifyClientCommands.c
../../../Binaries/ColorSceneController_NtagIcode_Ota_RamOpt_OM15082/obj/ZCLobj_IdentifyCommandHandler.o ../../../../../SDKPackages/K32W061DK6/middleware/wireless/zigbee/ZCL/Clusters/General/Source/IdentifyCommandHandler.c
../../../Binaries/ColorSceneController_NtagIcode_Ota_RamOpt_OM15082/obj/ZCLobj_IdentifyServerCommands.o ../../../../../SDKPackages/K32W061DK6/middleware/wireless/zigbee/ZCL/Clusters/General/Source/IdentifyServerCommands.c
../../../Binaries/ColorSceneController_NtagIcode_Ota_RamOpt_OM15082/obj/ZCLobj_LevelControl.o ../../../../../SDKPackages/K32W061DK6/middleware/wireless/zigbee/ZCL/Clusters/General/Source/LevelControl.c
../../../Binaries/ColorSceneController_NtagIcode_Ota_RamOpt_OM15082/obj/ZCLobj_LevelControlClientCommands.o ../../../../../SDKPackages/K32W061DK6/middleware/wireless/zigbee/ZCL/Clusters/General/Source/LevelControlClientCommands.c
../../../Binaries/ColorSceneController_NtagIcode_Ota_RamOpt_OM15082/obj/ZCLobj_LevelControlCommandHandler.o ../../../../../SDKPackages/K32W061DK6/middleware/wireless/zigbee/ZCL/Clusters/General/Source/LevelControlCommandHandler.c
../../../Binaries/ColorSceneController_NtagIcode_Ota_RamOpt_OM15082/obj/ZCLobj_MultistateInputBasic.o ../../../../../SDKPackages/K32W061DK6/middleware/wireless/zigbee/ZCL/Clusters/General/Source/MultistateInputBasic.c
../../../Binaries/ColorSceneController_NtagIcode_Ota_RamOpt_OM15082/obj/ZCLobj_MultistateOutputBasic.o ../../../../../SDKPackages/K32W061DK6/middleware/wireless/zigbee/ZCL/Clusters/General/Source/MultistateOutputBasic.c
../../../Binaries/ColorSceneController_NtagIcode_Ota_RamOpt_OM15082/obj/ZCLobj_OOSC.o ../../../../../SDKPackages/K32W061DK6/middleware/wireless/zigbee/ZCL/Clusters/General/Source/OOSC.c
../../../Binaries/ColorSceneController_NtagIcode_Ota_RamOpt_OM15082/obj/ZCLobj_OnOff.o ../../../../../SDKPackages/K32W061DK6/middleware/wireless/zigbee/ZCL/Clusters/General/Source/OnOff.c
../../../Binaries/ColorSceneController_NtagIcode_Ota_RamOpt_OM15082/obj/ZCLobj_OnOffCommandHandler.o ../../../../../SDKPackages/K32W061DK6/middleware/wireless/zigbee/ZCL/Clusters/General/Source/OnOffCommandHandler.c
../../../Binaries/ColorSceneController_NtagIcode_Ota_RamOpt_OM15082/obj/ZCLobj_OnOffCommands.o ../../../../../SDKPackages/K32W061DK6/middleware/wireless/zigbee/ZCL/Clusters/General/Source/OnOffCommands.c
../../../Binaries/ColorSceneController_NtagIcode_Ota_RamOpt_OM15082/obj/ZCLobj_PollControl.o ../../../../../SDKPackages/K32W061DK6/middleware/wireless/zigbee/ZCL/Clusters/General/Source/PollControl.c
../../../Binaries/ColorSceneController_NtagIcode_Ota_RamOpt_OM15082/obj/ZCLobj_PollControlClientCommands.o ../../../../../SDKPackages/K32W061DK6/middleware/wireless/zigbee/ZCL/Clusters/General/Source/PollControlClientCommands.c
../../../Binaries/ColorSceneController_NtagIcode_Ota_RamOpt_OM15082/obj/ZCLobj_PollControlCommandHandler.o ../../../../../SDKPackages/K32W061DK6/middleware/wireless/zigbee/ZCL/Clusters/General/Source/PollControlCommandHandler.c
../../../Binaries/ColorSceneController_NtagIcode_Ota_RamOpt_OM15082/obj/ZCLobj_PollControlServerCommands.o ../../../../../SDKPackages/K32W061DK6/middleware/wireless/zigbee/ZCL/Clusters/General/Source/PollControlServerCommands.c
../../../Binaries/ColorSceneController_NtagIcode_Ota_RamOpt_OM15082/obj/ZCLobj_PowerConfiguration.o ../../../../../SDKPackages/K32W061DK6/middleware/wireless/zigbee/ZCL/Clusters/General/Source/PowerConfiguration.c
../../../Binaries/ColorSceneController_NtagIcode_Ota_RamOpt_OM15082/obj/ZCLobj_PowerProfile.o ../../../../../SDKPackages/K32W061DK6/middleware/wireless/zigbee/ZCL/Clusters/General/Source/PowerProfile.c
../../../Binaries/ColorSceneController_NtagIcode_Ota_RamOpt_OM15082/obj/ZCLobj_PowerProfileClientCommands.o ../../../../../SDKPackages/K32W061DK6/middleware/wireless/zigbee/ZCL/Clusters/General/Source/PowerProfileClientCommands.c
../../../Binaries/ColorSceneController_NtagIcode_Ota_RamOpt_OM15082/obj/ZCLobj_PowerProfileCommandHandler.o ../../../../../SDKPackages/K32W061DK6/middleware/wireless/zigbee/ZCL/Clusters/General/Source/PowerProfileCommandHandler.c
../../../Binaries/ColorSceneController_NtagIcode_Ota_RamOpt_OM15082/obj/ZCLobj_PowerProfileServerCommands.o ../../../../../SDKPackages/K32W061DK6/middleware/wireless/zigbee/ZCL/Clusters/General/Source/PowerProfileServerCommands.c
../../../Binaries/ColorSceneController_NtagIcode_Ota_RamOpt_OM15082/obj/ZCLobj_Scenes.o ../../../../../SDKPackages/K32W061DK6/middleware/wireless/zigbee/ZCL/Clusters/General/Source/Scenes.c
../../../Binaries/ColorSceneController_NtagIcode_Ota_RamOpt_OM15082/obj/ZCLobj_ScenesClientCommands.o ../../../../../SDKPackages/K32W061DK6/middleware/wireless/zigbee/ZCL/Clusters/General/Source/ScenesClientCommands.c
../../../Binaries/ColorSceneController_NtagIcode_Ota_RamOpt_OM15082/obj/ZCLobj_ScenesClusterManagement.o ../../../../../SDKPackages/K32W061DK6/middleware/wireless/zigbee/ZCL/Clusters/General/Source/ScenesClusterManagement.c
../../../Binaries/ColorSceneController_NtagIcode_Ota_RamOpt_OM15082/obj/ZCLobj_ScenesCommandHandler.o ../../../../../SDKPackages/K32W061DK6/middleware/wireless/zigbee/ZCL/Clusters/General/Source/ScenesCommandHandler.c
../../../Binaries/ColorSceneController_NtagIcode_Ota_RamOpt_OM15082/obj/ZCLobj_ScenesServerCommands.o ../../../../../SDKPackages/K32W061DK6/middleware/wireless/zigbee/ZCL/Clusters/General/Source/ScenesServerCommands.c
../../../Binaries/ColorSceneController_NtagIcode_Ota_RamOpt_OM15082/obj/ZCLobj_ScenesTableManager.o ../../../../../SDKPackages/K32W061DK6/middleware/wireless/zigbee/ZCL/Clusters/General/Source/ScenesTableManager.c
../../../Binaries/ColorSceneController_NtagIcode_Ota_RamOpt_OM15082/obj/ZCLobj_TC.o ../../../../../SDKPackages/K32W061DK6/middleware/wireless/zigbee/ZCL/Clusters/General/Source/TC.c
../../../Binaries/ColorSceneController_NtagIcode_Ota_RamOpt_OM15082/obj/ZCLobj_Time.o ../../../../../SDKPackages/K32W061DK6/middleware/wireless/zigbee/ZCL/Clusters/General/Source/Time.c
../../../Binaries/ColorSceneController_NtagIcode_Ota_RamOpt_OM15082/obj/ZCLobj_WWAH.o ../../../../../SDKPackages/K32W061DK6/middleware/wireless/zigbee/ZCL/Clusters/General/Source/WWAH.c
../../../Binaries/ColorSceneController_NtagIcode_Ota_RamOpt_OM15082/obj/ZCLobj_WWAHClientCommands.o ../../../../../SDKPackages/K32W061DK6/middleware/wireless/zigbee/ZCL/Clusters/General/Source/WWAHClientCommands.c
../../../Binaries/ColorSceneController_NtagIcode_Ota_RamOpt_OM15082/obj/ZCLobj_WWAHCommandHandler.o ../../../../../SDKPackages/K32W061DK6/middleware/wireless/zigbee/ZCL/Clusters/General/Source/WWAHCommandHandler.c
../../../Binaries/ColorSceneController_NtagIcode_Ota_RamOpt_OM15082/obj/ZCLobj_WWAHServerCommands.o ../../../../../SDKPackages/K32W061DK6/middleware/wireless/zigbee/ZCL/Clusters/General/Source/WWAHServerCommands.c
../../../Binaries/ColorSceneController_NtagIcode_Ota_RamOpt_OM15082/obj/ZCLobj_base_device.o ../../../../../SDKPackages/K32W061DK6/middleware/wireless/zigbee/ZCL/Devices/ZHA/Generic/Source/base_device.c
../../../Binaries/ColorSceneController_NtagIcode_Ota_RamOpt_OM15082/obj/ZCLobj_mains_power_outlet.o ../../../../../SDKPackages/K32W061DK6/middleware/wireless/zigbee/ZCL/Devices/ZHA/Generic/Source/mains_power_outlet.c
../../../Binaries/ColorSceneController_NtagIcode_Ota_RamOpt_OM15082/obj/ZCLobj_on_off_output.o ../../../../../SDKPackages/K32W061DK6/middleware/wireless/zigbee/ZCL/Devices/ZHA/Generic/Source/on_off_output.c
../../../Binaries/ColorSceneController_NtagIcode_Ota_RamOpt_OM15082/obj/ZCLobj_plug_control.o ../../../../../SDKPackages/K32W061DK6/middleware/wireless/zigbee/ZCL/Devices/ZHA/Generic/Source/plug_control.c
../../../Binaries/ColorSceneController_NtagIcode_Ota_RamOpt_OM15082/obj/ZCLobj_remote_control.o ../../../../../SDKPackages/K32W061DK6/middleware/wireless/zigbee/ZCL/Devices/ZHA/Generic/Source/remote_control.c
../../../Binaries/ColorSceneController_NtagIcode_Ota_RamOpt_OM15082/obj/ZCLobj_simple_sensor.o ../../../../../SDKPackages/K32W061DK6/middleware/wireless/zigbee/ZCL/Devices/ZHA/Generic/Source/simple_sensor.c
../../../Binaries/ColorSceneController_NtagIcode_Ota_RamOpt_OM15082/obj/ZCLobj_BallastConfiguration.o ../../../../../SDKPackages/K32W061DK6/middleware/wireless/zigbee/ZCL/Clusters/Lighting/Source/BallastConfiguration.c
../../../Binaries/ColorSceneController_NtagIcode_Ota_RamOpt_OM15082/obj/ZCLobj_ColourControl.o ../../../../../SDKPackages/K32W061DK6/middleware/wireless/zigbee/ZCL/Clusters/Lighting/Source/ColourControl.c
../../../Binaries/ColorSceneController_NtagIcode_Ota_RamOpt_OM15082/obj/ZCLobj_ColourControlClientCommands.o ../../../../../SDKPackages/K32W061DK6/middleware/wireless/zigbee/ZCL/Clusters/Lighting/Source/ColourControlClientCommands.c
../../../Binaries/ColorSceneController_NtagIcode_Ota_RamOpt_OM15082/obj/ZCLobj_ColourControlCommandHandler.o ../../../../../SDKPackages/K32W061DK6/middleware/wireless/zigbee/ZCL/Clusters/Lighting/Source/ColourControlCommandHandler.c
../../../Binaries/ColorSceneController_NtagIcode_Ota_RamOpt_OM15082/obj/ZCLobj_ColourControlConversions.o ../../../../../SDKPackages/K32W061DK6/middleware/wireless/zigbee/ZCL/Clusters/Lighting/Source/ColourControlConversions.c
../../../Binaries/ColorSceneController_NtagIcode_Ota_RamOpt_OM15082/obj/ZCLobj_colour_controller.o ../../../../../SDKPackages/K32W061DK6/middleware/wireless/zigbee/ZCL/Devices/ZLO/Source/colour_controller.c
../../../Binaries/ColorSceneController_NtagIcode_Ota_RamOpt_OM15082/obj/ZCLobj_colour_dimmable_light.o ../../../../../SDKPackages/K32W061DK6/middleware/wireless/zigbee/ZCL/Devices/ZLO/Source/colour_dimmable_light.c
../../../Binaries/ColorSceneController_NtagIcode_Ota_RamOpt_OM15082/obj/ZCLobj_colour_dimmer_switch.o ../../../../../SDKPackages/K32W061DK6/middleware/wireless/zigbee/ZCL/Devices/ZLO/Source/colour_dimmer_switch.c
../../../Binaries/ColorSceneController_NtagIcode_Ota_RamOpt_OM15082/obj/ZCLobj_colour_scene_controller.o ../../../../../SDKPackages/K32W061DK6/middleware/wireless/zigbee/ZCL/Devices/ZLO/Source/colour_scene_controller.c
../../../Binaries/ColorSceneController_NtagIcode_Ota_RamOpt_OM15082/obj/ZCLobj_colour_temperature_light.o ../../../../../SDKPackages/K32W061DK6/middleware/wireless/zigbee/ZCL/Devices/ZLO/Source/colour_temperature_light.c
../../../Binaries/ColorSceneController_NtagIcode_Ota_RamOpt_OM15082/obj/ZCLobj_commission_endpoint.o ../../../../../SDKPackages/K32W061DK6/middleware/wireless/zigbee/ZCL/Devices/ZLO/Source/commission_endpoint.c
../../../Binaries/ColorSceneController_NtagIcode_Ota_RamOpt_OM15082/obj/ZCLobj_control_bridge.o ../../../../../SDKPackages/K32W061DK6/middleware/wireless/zigbee/ZCL/Devices/ZLO/Source/control_bridge.c
../../../Binaries/ColorSceneController_NtagIcode_Ota_RamOpt_OM15082/obj/ZCLobj_dimmable_ballast.o ../../../../../SDKPackages/K32W061DK6/middleware/wireless/zigbee/ZCL/Devices/ZLO/Source/dimmable_ballast.c
../../../Binaries/ColorSceneController_NtagIcode_Ota_RamOpt_OM15082/obj/ZCLobj_dimmable_light.o ../../../../../SDKPackages/K32W061DK6/middleware/wireless/zigbee/ZCL/Devices/ZLO/Source/dimmable_light.c
../../../Binaries/ColorSceneController_NtagIcode_Ota_RamOpt_OM15082/obj/ZCLobj_dimmable_plug.o ../../../../../SDKPackages/K32W061DK6/middleware/wireless/zigbee/ZCL/Devices/ZLO/Source/dimmable_plug.c
../../../Binaries/ColorSceneController_NtagIcode_Ota_RamOpt_OM15082/obj/ZCLobj_dimmer_switch.o ../../../../../SDKPackages/K32W061DK6/middleware/wireless/zigbee/ZCL/Devices/ZLO/Source/dimmer_switch.c
../../../Binaries/ColorSceneController_NtagIcode_Ota_RamOpt_OM15082/obj/ZCLobj_extended_colour_light.o ../../../../../SDKPackages/K32W061DK6/middleware/wireless/zigbee/ZCL/Devices/ZLO/Source/extended_colour_light.c
../../../Binaries/ColorSceneController_NtagIcode_Ota_RamOpt_OM15082/obj/ZCLobj_light_level_sensor.o ../../../../../SDKPackages/K32W061DK6/middleware/wireless/zigbee/ZCL/Devices/ZLO/Source/light_level_sensor.c
../../../Binaries/ColorSceneController_NtagIcode_Ota_RamOpt_OM15082/obj/ZCLobj_light_sensor.o ../../../../../SDKPackages/K32W061DK6/middleware/wireless/zigbee/ZCL/Devices/ZLO/Source/light_sensor.c
../../../Binaries/ColorSceneController_NtagIcode_Ota_RamOpt_OM15082/obj/ZCLobj_non_colour_controller.o ../../../../../SDKPackages/K32W061DK6/middleware/wireless/zigbee/ZCL/Devices/ZLO/Source/non_colour_controller.c
../../../Binaries/ColorSceneController_NtagIcode_Ota_RamOpt_OM15082/obj/ZCLobj_non_colour_scene_controller.o ../../../../../SDKPackages/K32W061DK6/middleware/wireless/zigbee/ZCL/Devices/ZLO/Source/non_colour_scene_controller.c
../../../Binaries/ColorSceneController_NtagIcode_Ota_RamOpt_OM15082/obj/ZCLobj_occupancy_sensor.o ../../../../../SDKPackages/K32W061DK6/middleware/wireless/zigbee/ZCL/Devices/ZLO/Source/occupancy_sensor.c
../../../Binaries/ColorSceneController_NtagIcode_Ota_RamOpt_OM15082/obj/ZCLobj_on_off_ballast.o ../../../../../SDKPackages/K32W061DK6/middleware/wireless/zigbee/ZCL/Devices/ZLO/Source/on_off_ballast.c
../../../Binaries/ColorSceneController_NtagIcode_Ota_RamOpt_OM15082/obj/ZCLobj_on_off_light.o ../../../../../SDKPackages/K32W061DK6/middleware/wireless/zigbee/ZCL/Devices/ZLO/Source/on_off_light.c
../../../Binaries/ColorSceneController_NtagIcode_Ota_RamOpt_OM15082/obj/ZCLobj_on_off_light_switch.o ../../../../../SDKPackages/K32W061DK6/middleware/wireless/zigbee/ZCL/Devices/ZLO/Source/on_off_light_switch.c
../../../Binaries/ColorSceneController_NtagIcode_Ota_RamOpt_OM15082/obj/ZCLobj_on_off_plug.o ../../../../../SDKPackages/K32W061DK6/middleware/wireless/zigbee/ZCL/Devices/ZLO/Source/on_off_plug.c
../../../Binaries/ColorSceneController_NtagIcode_Ota_RamOpt_OM15082/obj/ZCLobj_on_off_sensor.o ../../../../../SDKPackages/K32W061DK6/middleware/wireless/zigbee/ZCL/Devices/ZLO/Source/on_off_sensor.c
../../../Binaries/ColorSceneController_NtagIcode_Ota_RamOpt_OM15082/obj/OTA.o ../../../../../SDKPackages/K32W061DK6/middleware/wireless/zigbee/ZCL/Clusters/OTA/Source/OTA.c
../../../Binaries/ColorSceneController_NtagIcode_Ota_RamOpt_OM15082/obj/OTA_ClientUpgradeManager.o ../../../../../SDKPackages/K32W061DK6/middleware/wireless/zigbee/ZCL/Clusters/OTA/Source/OTA_ClientUpgradeManager.c
../../../Binaries/ColorSceneController_NtagIcode_Ota_RamOpt_OM15082/obj/OTA_CustomCommandHandler.o ../../../../../SDKPackages/K32W061DK6/middleware/wireless/zigbee/ZCL/Clusters/OTA/Source/OTA_CustomCommandHandler.c
../../../Binaries/ColorSceneController_NtagIcode_Ota_RamOpt_OM15082/obj/OTA_CustomReceiveCommands.o ../../../../../SDKPackages/K32W061DK6/middleware/wireless/zigbee/ZCL/Clusters/OTA/Source/OTA_CustomReceiveCommands.c
../../../Binaries/ColorSceneController_NtagIcode_Ota_RamOpt_OM15082/obj/OTA_ServerUpgradeManager.o ../../../../../SDKPackages/K32W061DK6/middleware/wireless/zigbee/ZCL/Clusters/OTA/Source/OTA_ServerUpgradeManager.c
../../../Binaries/ColorSceneController_NtagIcode_Ota_RamOpt_OM15082/obj/OTA_client.o ../../../../../SDKPackages/K32W061DK6/middleware/wireless/zigbee/ZCL/Clusters/OTA/Source/OTA_client.c
../../../Binaries/ColorSceneController_NtagIcode_Ota_RamOpt_OM15082/obj/OTA_common.o ../../../../../SDKPackages/K32W061DK6/middleware/wireless/zigbee/ZCL/Clusters/OTA/Source/OTA_common.c
../../../Binaries/ColorSceneController_NtagIcode_Ota_RamOpt_OM15082/obj/OTA_server.o ../../../../../SDKPackages/K32W061DK6/middleware/wireless/zigbee/ZCL/Clusters/OTA/Source/OTA_server.c
../../../Binaries/ColorSceneController_NtagIcode_Ota_RamOpt_OM15082/obj/ZCLobj_Commissioning.o ../../../../../SDKPackages/K32W061DK6/middleware/wireless/zigbee/ZCL/Clusters/Commissioning/Source/Commissioning.c
../../../Binaries/ColorSceneController_NtagIcode_Ota_RamOpt_OM15082/obj/ZCLobj_CommissioningClientCommands.o ../../../../../SDKPackages/K32W061DK6/middleware/wireless/zigbee/ZCL/Clusters/Commissioning/Source/CommissioningClientCommands.c
../../../Binaries/ColorSceneController_NtagIcode_Ota_RamOpt_OM15082/obj/ZCLobj_CommissioningCmdHandler.o ../../../../../SDKPackages/K32W061DK6/middleware/wireless/zigbee/ZCL/Clusters/Commissioning/Source/CommissioningCmdHandler.c
../../../Binaries/ColorSceneController_NtagIcode_Ota_RamOpt_OM15082/obj/ZCLobj_CommissioningServerCommands.o ../../../../../SDKPackages/K32W061DK6/middleware/wireless/zigbee/ZCL/Clusters/Commissioning/Source/CommissioningServerCommands.c
../../../Binaries/ColorSceneController_NtagIcode_Ota_RamOpt_OM15082/obj/ZCLobj_zll_CommissionCmdHandler.o ../../../../../SDKPackages/K32W061DK6/middleware/wireless/zigbee/ZCL/Clusters/Commissioning/Source/zll_CommissionCmdHandler.c
../../../Binaries/ColorSceneController_NtagIcode_Ota_RamOpt_OM15082/obj/ZCLobj_zll_UtilityCmdHandler.o ../../../../../SDKPackages/K32W061DK6/middleware/wireless/zigbee/ZCL/Clusters/Commissioning/Source/zll_UtilityCmdHandler.c
../../../Binaries/ColorSceneController_NtagIcode_Ota_RamOpt_OM15082/obj/ZCLobj_zll_commission.o ../../../../../SDKPackages/K32W061DK6/middleware/wireless/zigbee/ZCL/Clusters/Commissioning/Source/zll_commission.c
../../../Binaries/ColorSceneController_NtagIcode_Ota_RamOpt_OM15082/obj/ZCLobj_zll_utility.o ../../../../../SDKPackages/K32W061DK6/middleware/wireless/zigbee/ZCL/Clusters/Commissioning/Source/zll_utility.c
../../../Binaries/ColorSceneController_NtagIcode_Ota_RamOpt_OM15082/obj/ZCLobj_dlist.o ../../../../../SDKPackages/K32W061DK6/middleware/wireless/zigbee/ZCIF/Source/dlist.c
../../../Binaries/ColorSceneController_NtagIcode_Ota_RamOpt_OM15082/obj/ZCLobj_zcl.o ../../../../../SDKPackages/K32W061DK6/middleware/wireless/zigbee/ZCIF/Source/zcl.c
../../../Binaries/ColorSceneController_NtagIcode_Ota_RamOpt_OM15082/obj/ZCLobj_zcl_CustomCommandReceive.o ../../../../../SDKPackages/K32W061DK6/middleware/wireless/zigbee/ZCIF/Source/zcl_CustomCommandReceive.c
../../../Binaries/ColorSceneController_NtagIcode_Ota_RamOpt_OM15082/obj/ZCLobj_zcl_CustomCommandSend.o ../../../../../SDKPackages/K32W061DK6/middleware/wireless/zigbee/ZCIF/Source/zcl_CustomCommandSend.c
../../../Binaries/ColorSceneController_NtagIcode_Ota_RamOpt_OM15082/obj/ZCLobj_zcl_PDUbufferReadWrite.o ../../../../../SDKPackages/K32W061DK6/middleware/wireless/zigbee/ZCIF/Source/zcl_PDUbufferReadWrite.c
../../../Binaries/ColorSceneController_NtagIcode_Ota_RamOpt_OM15082/obj/ZCLobj_zcl_PDUbufferReadWriteString.o ../../../../../SDKPackages/K32W061DK6/middleware/wireless/zigbee/ZCIF/Source/zcl_PDUbufferReadWriteString.c
../../../Binaries/ColorSceneController_NtagIcode_Ota_RamOpt_OM15082/obj/ZCLobj_zcl_WriteAttributesRequestHandle.o ../../../../../SDKPackages/K32W061DK6/middleware/wireless/zigbee/ZCIF/Source/zcl_WriteAttributesRequestHandle.c
../../../Binaries/ColorSceneController_NtagIcode_Ota_RamOpt_OM15082/obj/ZCLobj_zcl_WriteAttributesRequestSend.o ../../../../../SDKPackages/K32W061DK6/middleware/wireless/zigbee/ZCIF/Source/zcl_WriteAttributesRequestSend.c
../../../Binaries/ColorSceneController_NtagIcode_Ota_RamOpt_OM15082/obj/ZCLobj_zcl_WriteAttributesResponseHandle.o ../../../../../SDKPackages/K32W061DK6/middleware/wireless/zigbee/ZCIF/Source/zcl_WriteAttributesResponseHandle.c
../../../Binaries/ColorSceneController_NtagIcode_Ota_RamOpt_OM15082/obj/ZCLobj_zcl_attribute.o ../../../../../SDKPackages/K32W061DK6/middleware/wireless/zigbee/ZCIF/Source/zcl_attribute.c
../../../Binaries/ColorSceneController_NtagIcode_Ota_RamOpt_OM15082/obj/ZCLobj_zcl_buffer.o ../../../../../SDKPackages/K32W061DK6/middleware/wireless/zigbee/ZCIF/Source/zcl_buffer.c
../../../Binaries/ColorSceneController_NtagIcode_Ota_RamOpt_OM15082/obj/ZCLobj_zcl_clusterCommand.o ../../../../../SDKPackages/K32W061DK6/middleware/wireless/zigbee/ZCIF/Source/zcl_clusterCommand.c
../../../Binaries/ColorSceneController_NtagIcode_Ota_RamOpt_OM15082/obj/ZCLobj_zcl_command.o ../../../../../SDKPackages/K32W061DK6/middleware/wireless/zigbee/ZCIF/Source/zcl_command.c
../../../Binaries/ColorSceneController_NtagIcode_Ota_RamOpt_OM15082/obj/ZCLobj_zcl_common.o ../../../../../SDKPackages/K32W061DK6/middleware/wireless/zigbee/ZCIF/Source/zcl_common.c
../../../Binaries/ColorSceneController_NtagIcode_Ota_RamOpt_OM15082/obj/ZCLobj_zcl_configureReportingCommandHandle.o ../../../../../SDKPackages/K32W061DK6/middleware/wireless/zigbee/ZCIF/Source/zcl_configureReportingCommandHandle.c
../../../Binaries/ColorSceneController_NtagIcode_Ota_RamOpt_OM15082/obj/ZCLobj_zcl_configureReportingCommandSend.o ../../../../../SDKPackages/K32W061DK6/middleware/wireless/zigbee/ZCIF/Source/zcl_configureReportingCommandSend.c
../../../Binaries/ColorSceneController_NtagIcode_Ota_RamOpt_OM15082/obj/ZCLobj_zcl_configureReportingResponseHandle.o ../../../../../SDKPackages/K32W061DK6/middleware/wireless/zigbee/ZCIF/Source/zcl_configureReportingResponseHandle.c
../../../Binaries/ColorSceneController_NtagIcode_Ota_RamOpt_OM15082/obj/ZCLobj_zcl_defaultResponse.o ../../../../../SDKPackages/K32W061DK6/middleware/wireless/zigbee/ZCIF/Source/zcl_defaultResponse.c
../../../Binaries/ColorSceneController_NtagIcode_Ota_RamOpt_OM15082/obj/ZCLobj_zcl_discoverAttributesExtendedRequestHandle.o ../../../../../SDKPackages/K32W061DK6/middleware/wireless/zigbee/ZCIF/Source/zcl_discoverAttributesExtendedRequestHandle.c
../../../Binaries/ColorSceneController_NtagIcode_Ota_RamOpt_OM15082/obj/ZCLobj_zcl_discoverAttributesExtendedRequestSend.o ../../../../../SDKPackages/K32W061DK6/middleware/wireless/zigbee/ZCIF/Source/zcl_discoverAttributesExtendedRequestSend.c
../../../Binaries/ColorSceneController_NtagIcode_Ota_RamOpt_OM15082/obj/ZCLobj_zcl_discoverAttributesExtendedResponseHandle.o ../../../../../SDKPackages/K32W061DK6/middleware/wireless/zigbee/ZCIF/Source/zcl_discoverAttributesExtendedResponseHandle.c
../../../Binaries/ColorSceneController_NtagIcode_Ota_RamOpt_OM15082/obj/ZCLobj_zcl_discoverAttributesRequestHandle.o ../../../../../SDKPackages/K32W061DK6/middleware/wireless/zigbee/ZCIF/Source/zcl_discoverAttributesRequestHandle.c
../../../Binaries/ColorSceneController_NtagIcode_Ota_RamOpt_OM15082/obj/ZCLobj_zcl_discoverAttributesRequestSend.o ../../../../../SDKPackages/K32W061DK6/middleware/wireless/zigbee/ZCIF/Source/zcl_discoverAttributesRequestSend.c
../../../Binaries/ColorSceneController_NtagIcode_Ota_RamOpt_OM15082/obj/ZCLobj_zcl_discoverAttributesResponseHandle.o ../../../../../SDKPackages/K32W061DK6/middleware/wireless/zigbee/ZCIF/Source/zcl_discoverAttributesResponseHandle.c
../../../Binaries/ColorSceneController_NtagIcode_Ota_RamOpt_OM15082/obj/ZCLobj_zcl_discoverCommandsRequestHandle.o ../../../../../SDKPackages/K32W061DK6/middleware/wireless/zigbee/ZCIF/Source/zcl_discoverCommandsRequestHandle.c
../../../Binaries/ColorSceneController_NtagIcode_Ota_RamOpt_OM15082/obj/ZCLobj_zcl_discoverCommandsRequestSend.o ../../../../../SDKPackages/K32W061DK6/middleware/wireless/zigbee/ZCIF/Source/zcl_discoverCommandsRequestSend.c
../../../Binaries/ColorSceneController_NtagIcode_Ota_RamOpt_OM15082/obj/ZCLobj_zcl_discoverCommandsResponseHandle.o ../../../../../SDKPackages/K32W061DK6/middleware/wireless/zigbee/ZCIF/Source/zcl_discoverCommandsResponseHandle.c
../../../Binaries/ColorSceneController_NtagIcode_Ota_RamOpt_OM15082/obj/ZCLobj_zcl_event.o ../../../../../SDKPackages/K32W061DK6/middleware/wireless/zigbee/ZCIF/Source/zcl_event.c
../../../Binaries/ColorSceneController_NtagIcode_Ota_RamOpt_OM15082/obj/ZCLobj_zcl_heap.o ../../../../../SDKPackages/K32W061DK6/middleware/wireless/zigbee/ZCIF/Source/zcl_heap.c
../../../Binaries/ColorSceneController_NtagIcode_Ota_RamOpt_OM15082/obj/ZCLobj_zcl_library_options.o ../../../../../SDKPackages/K32W061DK6/middleware/wireless/zigbee/ZCIF/Source/zcl_library_options.c
../../../Binaries/ColorSceneController_NtagIcode_Ota_RamOpt_OM15082/obj/ZCLobj_zcl_readAttributesRequestHandle.o ../../../../../SDKPackages/K32W061DK6/middleware/wireless/zigbee/ZCIF/Source/zcl_readAttributesRequestHandle.c
../../../Binaries/ColorSceneController_NtagIcode_Ota_RamOpt_OM15082/obj/ZCLobj_zcl_readAttributesRequestSend.o ../../../../../SDKPackages/K32W061DK6/middleware/wireless/zigbee/ZCIF/Source/zcl_readAttributesRequestSend.c
../../../Binaries/ColorSceneController_NtagIcode_Ota_RamOpt_OM15082/obj/ZCLobj_zcl_readAttributesResponseHandle.o ../../../../../SDKPackages/K32W061DK6/middleware/wireless/zigbee/ZCIF/Source/zcl_readAttributesResponseHandle.c
../../../Binaries/ColorSceneController_NtagIcode_Ota_RamOpt_OM15082/obj/ZCLobj_zcl_readReportingConfigurationCommandHandle.o ../../../../../SDKPackages/K32W061DK6/middleware/wireless/zigbee/ZCIF/Source/zcl_readReportingConfigurationCommandHandle.c
../../../Binaries/ColorSceneController_NtagIcode_Ota_RamOpt_OM15082/obj/ZCLobj_zcl_readReportingConfigurationCommandSend.o ../../../../../SDKPackages/K32W061DK6/middleware/wireless/zigbee/ZCIF/Source/zcl_readReportingConfigurationCommandSend.c
../../../Binaries/ColorSceneController_NtagIcode_Ota_RamOpt_OM15082/obj/ZCLobj_zcl_readReportingConfigurationResponseHandle.o ../../../../../SDKPackages/K32W061DK6/middleware/wireless/zigbee/ZCIF/Source/zcl_readReportingConfigurationResponseHandle.c
../../../Binaries/ColorSceneController_NtagIcode_Ota_RamOpt_OM15082/obj/ZCLobj_zcl_reportManager.o ../../../../../SDKPackages/K32W061DK6/middleware/wireless/zigbee/ZCIF/Source/zcl_reportManager.c
../../../Binaries/ColorSceneController_NtagIcode_Ota_RamOpt_OM15082/obj/ZCLobj_zcl_reportMaths.o ../../../../../SDKPackages/K32W061DK6/middleware/wireless/zigbee/ZCIF/Source/zcl_reportMaths.c
../../../Binaries/ColorSceneController_NtagIcode_Ota_RamOpt_OM15082/obj/ZCLobj_zcl_reportScheduler.o ../../../../../SDKPackages/K32W061DK6/middleware/wireless/zigbee/ZCIF/Source/zcl_reportScheduler.c
../../../Binaries/ColorSceneController_NtagIcode_Ota_RamOpt_OM15082/obj/ZCLobj_zcl_reportStringHandling.o ../../../../../SDKPackages/K32W061DK6/middleware/wireless/zigbee/ZCIF/Source/zcl_reportStringHandling.c
../../../Binaries/ColorSceneController_NtagIcode_Ota_RamOpt_OM15082/obj/ZCLobj_zcl_reportStructure.o ../../../../../SDKPackages/K32W061DK6/middleware/wireless/zigbee/ZCIF/Source/zcl_reportStructure.c
../../../Binaries/ColorSceneController_NtagIcode_Ota_RamOpt_OM15082/obj/ZCLobj_zcl_search.o ../../../../../SDKPackages/K32W061DK6/middleware/wireless/zigbee/ZCIF/Source/zcl_search.c
../../../Binaries/ColorSceneController_NtagIcode_Ota_RamOpt_OM15082/obj/ZCLobj_zcl_timer.o ../../../../../SDKPackages/K32W061DK6/middleware/wireless/zigbee/ZCIF/Source/zcl_timer.c
../../../Binaries/ColorSceneController_NtagIcode_Ota_RamOpt_OM15082/obj/ZCLobj_zcl_transmit.o ../../../../../SDKPackages/K32W061DK6/middleware/wireless/zigbee/ZCIF/Source/zcl_transmit.c
../../../Binaries/ColorSceneController_NtagIcode_Ota_RamOpt_OM15082/obj/ZCLobj_bdb_fr.o ../../../../../SDKPackages/K32W061DK6/middleware/wireless/zigbee/BDB/Source/Common/bdb_fr.c
../../../Binaries/ColorSceneController_NtagIcode_Ota_RamOpt_OM15082/obj/ZCLobj_bdb_start.o ../../../../../SDKPackages/K32W061DK6/middleware/wireless/zigbee/BDB/Source/Common/bdb_start.c
../../../Binaries/ColorSceneController_NtagIcode_Ota_RamOpt_OM15082/obj/ZCLobj_bdb_state_machine.o ../../../../../SDKPackages/K32W061DK6/middleware/wireless/zigbee/BDB/Source/Common/bdb_state_machine.c
../../../Binaries/ColorSceneController_NtagIcode_Ota_RamOpt_OM15082/obj/ZCLobj_bdb_ns.o ../../../../../SDKPackages/K32W061DK6/middleware/wireless/zigbee/BDB/Source/NwkSteering/bdb_ns.c
../../../Binaries/ColorSceneController_NtagIcode_Ota_RamOpt_OM15082/obj/ZCLobj_bdb_tl_end_device_initiator_target.o ../../../../../SDKPackages/K32W061DK6/middleware/wireless/zigbee/BDB/Source/TouchLink/bdb_tl_end_device_initiator_target.c
../../../Binaries/ColorSceneController_NtagIcode_Ota_RamOpt_OM15082/obj/ZCLobj_bdb_tl_common.o ../../../../../SDKPackages/K32W061DK6/middleware/wireless/zigbee/BDB/Source/TouchLink/bdb_tl_common.c
../../../Binaries/ColorSceneController_NtagIcode_Ota_RamOpt_OM15082/obj/ZCLobj_ecb_decrypt.o ../../../../../SDKPackages/K32W061DK6/middleware/wireless/zigbee/BDB/Source/TouchLink/ecb_decrypt.c
../../../Binaries/ColorSceneController_NtagIcode_Ota_RamOpt_OM15082/obj/ZCLobj_bdb_fb_common.o ../../../../../SDKPackages/K32W061DK6/middleware/wireless/zigbee/BDB/Source/FindAndBind/bdb_fb_common.c
../../../Binaries/ColorSceneController_NtagIcode_Ota_RamOpt_OM15082/obj/ZCLobj_bdb_fb_initiator.o ../../../../../SDKPackages/K32W061DK6/middleware/wireless/zigbee/BDB/Source/FindAndBind/bdb_fb_initiator.c
../../../Binaries/ColorSceneController_NtagIcode_Ota_RamOpt_OM15082/obj/ZCLobj_bdb_DeviceCommissioning.o ../../../../../SDKPackages/K32W061DK6/middleware/wireless/zigbee/BDB/Source/OutOfBand/bdb_DeviceCommissioning.c
