Source Files
../../../Binaries/GpEhSwitch_OM15082/obj/app_main.o ../../../GpEhSwitch/Source/app_main.c
../../../Binaries/GpEhSwitch_OM15082/obj/EH_IEEE_802154_Switch.o ../../../GpEhSwitch/Source/EH_IEEE_802154_Switch.c
../../../Binaries/GpEhSwitch_OM15082/obj/EH_IEEE_Features.o ../../../GpEhSwitch/Source/EH_IEEE_Features.c
../../../Binaries/GpEhSwitch_OM15082/obj/EH_IEEE_Commands.o ../../../GpEhSwitch/Source/EH_IEEE_Commands.c
../../../Binaries/GpEhSwitch_OM15082/obj/app_nvm.o ../../../GpEhSwitch/Source/app_nvm.c
../../../Binaries/GpEhSwitch_OM15082/obj/EH_Button.o ../../../GpEhSwitch/Source/EH_Button.c
../../../Binaries/GpEhSwitch_OM15082/obj/fsl_debug_console.o ../../../../../SDKPackages/K32W061DK6/devices/K32W061/utilities/debug_console/fsl_debug_console.c
../../../Binaries/GpEhSwitch_OM15082/obj/fsl_gpio.o ../../../../../SDKPackages/K32W061DK6/devices/K32W061/drivers/fsl_gpio.c
../../../Binaries/GpEhSwitch_OM15082/obj/fsl_gint.o ../../../../../SDKPackages/K32W061DK6/devices/K32W061/drivers/fsl_gint.c
../../../Binaries/GpEhSwitch_OM15082/obj/hardware_init.o ../../../Common/Source/board/hardware_init.c
../../../Binaries/GpEhSwitch_OM15082/obj/pin_mux.o ../../../Common/Source/board/pin_mux.c
../../../Binaries/GpEhSwitch_OM15082/obj/port_JN518x.o ../../../../../SDKPackages/K32W061DK6/middleware/wireless/zigbee/ZigbeeCommon/Source/port_JN518x.c
../../../Binaries/GpEhSwitch_OM15082/obj/board_utility.o ../../../Common/Source/board/board_utility.c
../../../Binaries/GpEhSwitch_OM15082/obj/ZQueue.o ../../../../../SDKPackages/K32W061DK6/middleware/wireless/zigbee/ZigbeeCommon/Source/ZQueue.c
../../../Binaries/GpEhSwitch_OM15082/obj/ZTimer.o ../../../../../SDKPackages/K32W061DK6/middleware/wireless/zigbee/ZigbeeCommon/Source/ZTimer.c
../../../Binaries/GpEhSwitch_OM15082/obj/app_zps_link_keys.o ../../../../../SDKPackages/K32W061DK6/middleware/wireless/zigbee/ZigbeeCommon/Source/app_zps_link_keys.c
../../../Binaries/GpEhSwitch_OM15082/obj/fsl_os_abstraction_bm.o ../../../../../SDKPackages/K32W061DK6/middleware/wireless/framework/OSAbstraction/Source/fsl_os_abstraction_bm.c
../../../Binaries/GpEhSwitch_OM15082/obj/appZdpExtraction.o ../../../../../SDKPackages/K32W061DK6/middleware/wireless/zigbee/ZigbeeCommon/Source/appZdpExtraction.c
../../../Binaries/GpEhSwitch_OM15082/obj/appZpsBeaconHandler.o ../../../../../SDKPackages/K32W061DK6/middleware/wireless/zigbee/ZigbeeCommon/Source/appZpsBeaconHandler.c
../../../Binaries/GpEhSwitch_OM15082/obj/appZpsExtendedDebug.o ../../../../../SDKPackages/K32W061DK6/middleware/wireless/zigbee/ZigbeeCommon/Source/appZpsExtendedDebug.c
../../../Binaries/GpEhSwitch_OM15082/obj/board.o ../../../Common/Source/board/board.c
../../../Binaries/GpEhSwitch_OM15082/obj/clock_config.o ../../../Common/Source/board/clock_config.c
../../../Binaries/GpEhSwitch_OM15082/obj/system_K32W061.o ../../../../../SDKPackages/K32W061DK6/devices/K32W061/system_K32W061.c
../../../Binaries/GpEhSwitch_OM15082/obj/startup_K32W061.o ../../../../../SDKPackages/K32W061DK6/devices/K32W061/gcc/startup_K32W061.c
../../../Binaries/GpEhSwitch_OM15082/obj/fsl_wwdt.o ../../../../../SDKPackages/K32W061DK6/devices/K32W061/drivers/fsl_wwdt.c
../../../Binaries/GpEhSwitch_OM15082/obj/fsl_clock.o ../../../../../SDKPackages/K32W061DK6/devices/K32W061/drivers/fsl_clock.c
../../../Binaries/GpEhSwitch_OM15082/obj/fsl_reset.o ../../../../../SDKPackages/K32W061DK6/devices/K32W061/drivers/fsl_reset.c
../../../Binaries/GpEhSwitch_OM15082/obj/fsl_rng.o ../../../../../SDKPackages/K32W061DK6/devices/K32W061/drivers/fsl_rng.c
../../../Binaries/GpEhSwitch_OM15082/obj/fsl_usart.o ../../../../../SDKPackages/K32W061DK6/devices/K32W061/drivers/fsl_usart.c
../../../Binaries/GpEhSwitch_OM15082/obj/fsl_flexcomm.o ../../../../../SDKPackages/K32W061DK6/devices/K32W061/drivers/fsl_flexcomm.c
../../../Binaries/GpEhSwitch_OM15082/obj/fsl_flash.o ../../../../../SDKPackages/K32W061DK6/devices/K32W061/drivers/fsl_flash.c
../../../Binaries/GpEhSwitch_OM15082/obj/fsl_common.o ../../../../../SDKPackages/K32W061DK6/devices/K32W061/drivers/fsl_common.c
../../../Binaries/GpEhSwitch_OM15082/obj/fsl_aes.o ../../../../../SDKPackages/K32W061DK6/devices/K32W061/drivers/fsl_aes.c
../../../Binaries/GpEhSwitch_OM15082/obj/fsl_power.o ../../../../../SDKPackages/K32W061DK6/devices/K32W061/drivers/fsl_power.c
../../../Binaries/GpEhSwitch_OM15082/obj/fsl_wtimer.o ../../../../../SDKPackages/K32W061DK6/devices/K32W061/drivers/fsl_wtimer.c
../../../Binaries/GpEhSwitch_OM15082/obj/fsl_inputmux.o ../../../../../SDKPackages/K32W061DK6/devices/K32W061/drivers/fsl_inputmux.c
../../../Binaries/GpEhSwitch_OM15082/obj/fsl_fmeas.o ../../../../../SDKPackages/K32W061DK6/devices/K32W061/drivers/fsl_fmeas.c
../../../Binaries/GpEhSwitch_OM15082/obj/Exceptions_NVIC.o ../../../../../SDKPackages/K32W061DK6/middleware/wireless/framework/DebugExceptionHandlers_jn518x/src/Exceptions_NVIC.c
../../../Binaries/GpEhSwitch_OM15082/obj/MicroExceptions_arm.o ../../../../../SDKPackages/K32W061DK6/middleware/wireless/framework/DebugExceptionHandlers_jn518x/src/MicroExceptions_arm.c
../../../Binaries/GpEhSwitch_OM15082/obj/Debug.o ../../../../../SDKPackages/K32W061DK6/middleware/wireless/framework/DebugFifo/Source/Debug.c
../../../Binaries/GpEhSwitch_OM15082/obj/FunctionLib.o ../../../../../SDKPackages/K32W061DK6/middleware/wireless/framework/FunctionLib/FunctionLib.c
../../../Binaries/GpEhSwitch_OM15082/obj/SecLib.o ../../../../../SDKPackages/K32W061DK6/middleware/wireless/framework/SecLib/SecLib.c
../../../Binaries/GpEhSwitch_OM15082/obj/RNG.o ../../../../../SDKPackages/K32W061DK6/middleware/wireless/framework/RNG/Source/RNG.c
../../../Binaries/GpEhSwitch_OM15082/obj/GenericList.o ../../../../../SDKPackages/K32W061DK6/middleware/wireless/framework/Lists/GenericList.c
../../../Binaries/GpEhSwitch_OM15082/obj/Messaging.o ../../../../../SDKPackages/K32W061DK6/middleware/wireless/framework/Messaging/Source/Messaging.c
../../../Binaries/GpEhSwitch_OM15082/obj/MemManager.o ../../../../../SDKPackages/K32W061DK6/middleware/wireless/framework/MemManager/Source/MemManager.c
../../../Binaries/GpEhSwitch_OM15082/obj/TimersManager.o ../../../../../SDKPackages/K32W061DK6/middleware/wireless/framework/TimersManager/Source/TimersManager.c
../../../Binaries/GpEhSwitch_OM15082/obj/TMR_Adapter.o ../../../../../SDKPackages/K32W061DK6/middleware/wireless/framework/TimersManager/Source/TMR_Adapter.c
../../../Binaries/GpEhSwitch_OM15082/obj/fsl_ctimer.o ../../../../../SDKPackages/K32W061DK6/devices/K32W061/drivers/fsl_ctimer.c
../../../Binaries/GpEhSwitch_OM15082/obj/fsl_rtc.o ../../../../../SDKPackages/K32W061DK6/devices/K32W061/drivers/fsl_rtc.c
../../../Binaries/GpEhSwitch_OM15082/obj/Panic.o ../../../../../SDKPackages/K32W061DK6/middleware/wireless/framework/Panic/Source/Panic.c
../../../Binaries/GpEhSwitch_OM15082/obj/fsl_dma.o ../../../../../SDKPackages/K32W061DK6/devices/K32W061/drivers/fsl_dma.c
../../../Binaries/GpEhSwitch_OM15082/obj/MicroInt_arm_sdk2.o ../../../../../SDKPackages/K32W061DK6/middleware/wireless/framework/Common/MicroInt_arm_sdk2.c
../../../Binaries/GpEhSwitch_OM15082/obj/PWR.o ../../../../../SDKPackages/K32W061DK6/middleware/wireless/framework/LowPower/Source/k32w061dk6/PWR.c
../../../Binaries/GpEhSwitch_OM15082/obj/PWR_setjmp.o ../../../../../SDKPackages/K32W061DK6/middleware/wireless/framework/LowPower/Source/k32w061dk6/PWR_setjmp.S
../../../Binaries/GpEhSwitch_OM15082/obj/PWRLib.o ../../../../../SDKPackages/K32W061DK6/middleware/wireless/framework/LowPower/Source/k32w061dk6/PWRLib.c
../../../Binaries/GpEhSwitch_OM15082/obj/GPIO_Adapter.o ../../../../../SDKPackages/K32W061DK6/middleware/wireless/framework/GPIO/GPIO_Adapter.c
../../../Binaries/GpEhSwitch_OM15082/obj/fsl_str.o ../../../../../SDKPackages/K32W061DK6/devices/K32W061/utilities/str/fsl_str.c
../../../Binaries/GpEhSwitch_OM15082/obj/serial_manager.o ../../../../../SDKPackages/K32W061DK6/components/serial_manager/serial_manager.c
../../../Binaries/GpEhSwitch_OM15082/obj/serial_port_uart.o ../../../../../SDKPackages/K32W061DK6/components/serial_manager/serial_port_uart.c
../../../Binaries/GpEhSwitch_OM15082/obj/usart_adapter.o ../../../../../SDKPackages/K32W061DK6/components/uart/usart_adapter.c
../../../Binaries/GpEhSwitch_OM15082/obj/fsl_assert.o ../../../../../SDKPackages/K32W061DK6/devices/K32W061/utilities/fsl_assert.c
../../../Binaries/GpEhSwitch_OM15082/obj/Heap.o ../../../../../SDKPackages/K32W061DK6/middleware/wireless/framework/Common/Heap.c
